2022.04.05 21:55:13 INFO  tracing is disabled for protocol LSP, to enable tracing of incoming and outgoing JSON messages create an empty file at /home/cristian/info/estudio/scala/rock-the-jvm-beginners/.metals/lsp.trace.json or /home/cristian/.cache/metals/lsp.trace.json[0m
2022.04.05 21:55:14 INFO  logging to file /home/cristian/info/estudio/scala/rock-the-jvm-beginners/.metals/metals.log[0m
2022.04.05 21:55:14 INFO  Started: Metals version 0.11.2 in workspace '/home/cristian/info/estudio/scala/rock-the-jvm-beginners' for client Visual Studio Code 1.65.2.[0m
2022.04.05 21:55:14 INFO  Parse release: 11.0.13[0m
2022.04.05 21:55:17 INFO  time: initialize in 3.22s[0m
2022.04.05 21:55:17 WARN  Build server is not auto-connectable.[0m
2022.04.05 21:55:19 WARN  no build target for: /home/cristian/info/estudio/scala/rock-the-jvm-beginners/src/main/scala/playground/App.scala[0m
2022.04.05 21:55:22 INFO  no build target found for /home/cristian/info/estudio/scala/rock-the-jvm-beginners/src/main/scala/playground/App.scala. Using presentation compiler with project's scala-library version: 3.1.1[0m
2022.04.05 21:55:24 INFO  time: code lens generation in 5.21s[0m
2022.04.05 21:55:24 INFO  time: code lens generation in 5.21s[0m
2022.04.05 21:55:44 WARN  no build target for: /home/cristian/info/estudio/scala/rock-the-jvm-beginners/src/main/scala/playground/App.scala[0m
2022.04.05 21:55:45 WARN  no build target for: /home/cristian/info/estudio/scala/rock-the-jvm-beginners/src/main/scala/playground/App.scala[0m
2022.04.05 21:55:48 WARN  no build target for: /home/cristian/info/estudio/scala/rock-the-jvm-beginners/src/main/scala/playground/App.scala[0m
2022.04.05 21:55:50 WARN  no build target for: /home/cristian/info/estudio/scala/rock-the-jvm-beginners/src/main/scala/playground/App.scala[0m
2022.04.05 21:55:55 WARN  no build target for: /home/cristian/info/estudio/scala/rock-the-jvm-beginners/src/main/scala/playground/App.scala[0m
2022.04.05 21:56:03 WARN  no build target for: /home/cristian/info/estudio/scala/rock-the-jvm-beginners/src/main/scala/playground/App.scala[0m
2022.04.05 21:56:05 WARN  no build target for: /home/cristian/info/estudio/scala/rock-the-jvm-beginners/src/main/scala/playground/App.scala[0m
2022.04.05 21:57:29 INFO  running '/usr/lib/jvm/jdk-11/bin/java -Dfile.encoding=UTF-8 -Dmaven.multiModuleProjectDirectory=/home/cristian/info/estudio/scala/rock-the-jvm-beginners -Dmaven.home=/tmp/metals2703072801059350707 -jar /tmp/metals2703072801059350707/maven-wrapper.jar generate-sources ch.epfl.scala:maven-bloop_2.13:1.4.13:bloopInstall -DdownloadSources=true'[0m
2022.04.05 21:57:31 INFO  [INFO] Scanning for projects...[0m
2022.04.05 21:57:31 INFO  [INFO] [0m
2022.04.05 21:57:31 INFO  [INFO] -----------------< playground:rock-the-jvm-beginners >------------------[0m
2022.04.05 21:57:31 INFO  [INFO] Building rock-the-jvm-beginners 1.0-SNAPSHOT[0m
2022.04.05 21:57:31 INFO  [INFO] --------------------------------[ jar ]---------------------------------[0m
2022.04.05 21:57:31 INFO  [INFO] [0m
2022.04.05 21:57:31 INFO  [INFO] --- maven-bloop_2.13:1.4.13:bloopInstall (default-cli) @ rock-the-jvm-beginners ---[0m
2022.04.05 21:57:32 INFO  [INFO] Using empty launcher: no run setup for rock-the-jvm-beginners.[0m
2022.04.05 21:57:32 INFO  [INFO] Resolving artifact: org.scala-lang:scala-library:jar:2.12.6:compile[0m
2022.04.05 21:57:32 INFO  [INFO] SUCCESS org.scala-lang:scala-library:jar:2.12.6:compile[0m
2022.04.05 21:57:32 INFO  [INFO] Resolving artifact: org.scala-lang:scala-library:jar:2.12.6:compile:sources[0m
2022.04.05 21:57:32 INFO  [INFO] SUCCESS org.scala-lang:scala-library:jar:2.12.6:compile[0m
2022.04.05 21:57:32 INFO  [INFO] Resolving artifact: junit:junit:jar:4.12:test[0m
2022.04.05 21:57:32 INFO  [INFO] SUCCESS junit:junit:jar:4.12:test[0m
2022.04.05 21:57:32 INFO  [INFO] Resolving artifact: junit:junit:jar:4.12:test:sources[0m
2022.04.05 21:57:32 INFO  [INFO] SUCCESS junit:junit:jar:4.12:test[0m
2022.04.05 21:57:32 INFO  [INFO] Resolving artifact: org.hamcrest:hamcrest-core:jar:1.3:test[0m
2022.04.05 21:57:32 INFO  [INFO] SUCCESS org.hamcrest:hamcrest-core:jar:1.3:test[0m
2022.04.05 21:57:32 INFO  [INFO] Resolving artifact: org.hamcrest:hamcrest-core:jar:1.3:test:sources[0m
2022.04.05 21:57:32 INFO  [INFO] SUCCESS org.hamcrest:hamcrest-core:jar:1.3:test[0m
2022.04.05 21:57:32 INFO  [INFO] Resolving artifact: org.scalatest:scalatest_2.12:jar:3.0.5:test[0m
2022.04.05 21:57:32 INFO  [INFO] SUCCESS org.scalatest:scalatest_2.12:jar:3.0.5:test[0m
2022.04.05 21:57:32 INFO  [INFO] Resolving artifact: org.scalatest:scalatest_2.12:jar:3.0.5:test:sources[0m
2022.04.05 21:57:32 INFO  [INFO] SUCCESS org.scalatest:scalatest_2.12:jar:3.0.5:test[0m
2022.04.05 21:57:32 INFO  [INFO] Resolving artifact: org.scalactic:scalactic_2.12:jar:3.0.5:test[0m
2022.04.05 21:57:32 INFO  [INFO] SUCCESS org.scalactic:scalactic_2.12:jar:3.0.5:test[0m
2022.04.05 21:57:32 INFO  [INFO] Resolving artifact: org.scalactic:scalactic_2.12:jar:3.0.5:test:sources[0m
2022.04.05 21:57:32 INFO  [INFO] SUCCESS org.scalactic:scalactic_2.12:jar:3.0.5:test[0m
2022.04.05 21:57:32 INFO  [INFO] Resolving artifact: org.scala-lang:scala-reflect:jar:2.12.4:test[0m
2022.04.05 21:57:32 INFO  [INFO] SUCCESS org.scala-lang:scala-reflect:jar:2.12.4:test[0m
2022.04.05 21:57:32 INFO  [INFO] Resolving artifact: org.scala-lang:scala-reflect:jar:2.12.4:test:sources[0m
2022.04.05 21:57:32 INFO  [INFO] SUCCESS org.scala-lang:scala-reflect:jar:2.12.4:test[0m
2022.04.05 21:57:32 INFO  [INFO] Resolving artifact: org.scala-lang.modules:scala-xml_2.12:jar:1.0.6:test[0m
2022.04.05 21:57:32 INFO  [INFO] SUCCESS org.scala-lang.modules:scala-xml_2.12:jar:1.0.6:test[0m
2022.04.05 21:57:32 INFO  [INFO] Resolving artifact: org.scala-lang.modules:scala-xml_2.12:jar:1.0.6:test:sources[0m
2022.04.05 21:57:32 INFO  [INFO] SUCCESS org.scala-lang.modules:scala-xml_2.12:jar:1.0.6:test[0m
2022.04.05 21:57:32 INFO  [INFO] Resolving artifact: org.specs2:specs2-core_2.12:jar:4.2.0:test[0m
2022.04.05 21:57:32 INFO  [INFO] SUCCESS org.specs2:specs2-core_2.12:jar:4.2.0:test[0m
2022.04.05 21:57:32 INFO  [INFO] Resolving artifact: org.specs2:specs2-core_2.12:jar:4.2.0:test:sources[0m
2022.04.05 21:57:32 INFO  [INFO] SUCCESS org.specs2:specs2-core_2.12:jar:4.2.0:test[0m
2022.04.05 21:57:32 INFO  [INFO] Resolving artifact: org.specs2:specs2-matcher_2.12:jar:4.2.0:test[0m
2022.04.05 21:57:32 INFO  [INFO] SUCCESS org.specs2:specs2-matcher_2.12:jar:4.2.0:test[0m
2022.04.05 21:57:32 INFO  [INFO] Resolving artifact: org.specs2:specs2-matcher_2.12:jar:4.2.0:test:sources[0m
2022.04.05 21:57:32 INFO  [INFO] SUCCESS org.specs2:specs2-matcher_2.12:jar:4.2.0:test[0m
2022.04.05 21:57:32 INFO  [INFO] Resolving artifact: org.specs2:specs2-common_2.12:jar:4.2.0:test[0m
2022.04.05 21:57:32 INFO  [INFO] SUCCESS org.specs2:specs2-common_2.12:jar:4.2.0:test[0m
2022.04.05 21:57:32 INFO  [INFO] Resolving artifact: org.specs2:specs2-common_2.12:jar:4.2.0:test:sources[0m
2022.04.05 21:57:32 INFO  [INFO] SUCCESS org.specs2:specs2-common_2.12:jar:4.2.0:test[0m
2022.04.05 21:57:32 INFO  [INFO] Resolving artifact: org.specs2:specs2-fp_2.12:jar:4.2.0:test[0m
2022.04.05 21:57:32 INFO  [INFO] SUCCESS org.specs2:specs2-fp_2.12:jar:4.2.0:test[0m
2022.04.05 21:57:32 INFO  [INFO] Resolving artifact: org.specs2:specs2-fp_2.12:jar:4.2.0:test:sources[0m
2022.04.05 21:57:32 INFO  [INFO] SUCCESS org.specs2:specs2-fp_2.12:jar:4.2.0:test[0m
2022.04.05 21:57:32 INFO  [INFO] Resolving artifact: org.scala-lang.modules:scala-parser-combinators_2.12:jar:1.1.0:test[0m
2022.04.05 21:57:32 INFO  [INFO] SUCCESS org.scala-lang.modules:scala-parser-combinators_2.12:jar:1.1.0:test[0m
2022.04.05 21:57:32 INFO  [INFO] Resolving artifact: org.scala-lang.modules:scala-parser-combinators_2.12:jar:1.1.0:test:sources[0m
2022.04.05 21:57:32 INFO  [INFO] SUCCESS org.scala-lang.modules:scala-parser-combinators_2.12:jar:1.1.0:test[0m
2022.04.05 21:57:32 INFO  [INFO] Resolving artifact: org.scala-sbt:test-interface:jar:1.0:test[0m
2022.04.05 21:57:32 INFO  [INFO] SUCCESS org.scala-sbt:test-interface:jar:1.0:test[0m
2022.04.05 21:57:32 INFO  [INFO] Resolving artifact: org.scala-sbt:test-interface:jar:1.0:test:sources[0m
2022.04.05 21:57:32 INFO  [INFO] SUCCESS org.scala-sbt:test-interface:jar:1.0:test[0m
2022.04.05 21:57:32 INFO  [INFO] Resolving artifact: org.specs2:specs2-junit_2.12:jar:4.2.0:test[0m
2022.04.05 21:57:32 INFO  [INFO] SUCCESS org.specs2:specs2-junit_2.12:jar:4.2.0:test[0m
2022.04.05 21:57:32 INFO  [INFO] Resolving artifact: org.specs2:specs2-junit_2.12:jar:4.2.0:test:sources[0m
2022.04.05 21:57:32 INFO  [INFO] SUCCESS org.specs2:specs2-junit_2.12:jar:4.2.0:test[0m
2022.04.05 21:57:32 INFO  [INFO] Generated .bloop/rock-the-jvm-beginners.json[0m
2022.04.05 21:57:32 INFO  [INFO] Resolving artifact: org.scala-lang:scala-library:jar:2.12.6:compile[0m
2022.04.05 21:57:32 INFO  [INFO] SUCCESS org.scala-lang:scala-library:jar:2.12.6:compile[0m
2022.04.05 21:57:32 INFO  [INFO] Resolving artifact: org.scala-lang:scala-library:jar:2.12.6:compile:sources[0m
2022.04.05 21:57:32 INFO  [INFO] SUCCESS org.scala-lang:scala-library:jar:2.12.6:compile[0m
2022.04.05 21:57:32 INFO  [INFO] Resolving artifact: junit:junit:jar:4.12:test[0m
2022.04.05 21:57:32 INFO  [INFO] SUCCESS junit:junit:jar:4.12:test[0m
2022.04.05 21:57:32 INFO  [INFO] Resolving artifact: junit:junit:jar:4.12:test:sources[0m
2022.04.05 21:57:32 INFO  [INFO] SUCCESS junit:junit:jar:4.12:test[0m
2022.04.05 21:57:32 INFO  [INFO] Resolving artifact: org.hamcrest:hamcrest-core:jar:1.3:test[0m
2022.04.05 21:57:32 INFO  [INFO] SUCCESS org.hamcrest:hamcrest-core:jar:1.3:test[0m
2022.04.05 21:57:32 INFO  [INFO] Resolving artifact: org.hamcrest:hamcrest-core:jar:1.3:test:sources[0m
2022.04.05 21:57:32 INFO  [INFO] SUCCESS org.hamcrest:hamcrest-core:jar:1.3:test[0m
2022.04.05 21:57:32 INFO  [INFO] Resolving artifact: org.scalatest:scalatest_2.12:jar:3.0.5:test[0m
2022.04.05 21:57:32 INFO  [INFO] SUCCESS org.scalatest:scalatest_2.12:jar:3.0.5:test[0m
2022.04.05 21:57:32 INFO  [INFO] Resolving artifact: org.scalatest:scalatest_2.12:jar:3.0.5:test:sources[0m
2022.04.05 21:57:32 INFO  [INFO] SUCCESS org.scalatest:scalatest_2.12:jar:3.0.5:test[0m
2022.04.05 21:57:32 INFO  [INFO] Resolving artifact: org.scalactic:scalactic_2.12:jar:3.0.5:test[0m
2022.04.05 21:57:32 INFO  [INFO] SUCCESS org.scalactic:scalactic_2.12:jar:3.0.5:test[0m
2022.04.05 21:57:32 INFO  [INFO] Resolving artifact: org.scalactic:scalactic_2.12:jar:3.0.5:test:sources[0m
2022.04.05 21:57:32 INFO  [INFO] SUCCESS org.scalactic:scalactic_2.12:jar:3.0.5:test[0m
2022.04.05 21:57:32 INFO  [INFO] Resolving artifact: org.scala-lang:scala-reflect:jar:2.12.4:test[0m
2022.04.05 21:57:32 INFO  [INFO] SUCCESS org.scala-lang:scala-reflect:jar:2.12.4:test[0m
2022.04.05 21:57:32 INFO  [INFO] Resolving artifact: org.scala-lang:scala-reflect:jar:2.12.4:test:sources[0m
2022.04.05 21:57:32 INFO  [INFO] SUCCESS org.scala-lang:scala-reflect:jar:2.12.4:test[0m
2022.04.05 21:57:32 INFO  [INFO] Resolving artifact: org.scala-lang.modules:scala-xml_2.12:jar:1.0.6:test[0m
2022.04.05 21:57:32 INFO  [INFO] SUCCESS org.scala-lang.modules:scala-xml_2.12:jar:1.0.6:test[0m
2022.04.05 21:57:32 INFO  [INFO] Resolving artifact: org.scala-lang.modules:scala-xml_2.12:jar:1.0.6:test:sources[0m
2022.04.05 21:57:32 INFO  [INFO] SUCCESS org.scala-lang.modules:scala-xml_2.12:jar:1.0.6:test[0m
2022.04.05 21:57:32 INFO  [INFO] Resolving artifact: org.specs2:specs2-core_2.12:jar:4.2.0:test[0m
2022.04.05 21:57:32 INFO  [INFO] SUCCESS org.specs2:specs2-core_2.12:jar:4.2.0:test[0m
2022.04.05 21:57:32 INFO  [INFO] Resolving artifact: org.specs2:specs2-core_2.12:jar:4.2.0:test:sources[0m
2022.04.05 21:57:32 INFO  [INFO] SUCCESS org.specs2:specs2-core_2.12:jar:4.2.0:test[0m
2022.04.05 21:57:32 INFO  [INFO] Resolving artifact: org.specs2:specs2-matcher_2.12:jar:4.2.0:test[0m
2022.04.05 21:57:32 INFO  [INFO] SUCCESS org.specs2:specs2-matcher_2.12:jar:4.2.0:test[0m
2022.04.05 21:57:32 INFO  [INFO] Resolving artifact: org.specs2:specs2-matcher_2.12:jar:4.2.0:test:sources[0m
2022.04.05 21:57:32 INFO  [INFO] SUCCESS org.specs2:specs2-matcher_2.12:jar:4.2.0:test[0m
2022.04.05 21:57:32 INFO  [INFO] Resolving artifact: org.specs2:specs2-common_2.12:jar:4.2.0:test[0m
2022.04.05 21:57:32 INFO  [INFO] SUCCESS org.specs2:specs2-common_2.12:jar:4.2.0:test[0m
2022.04.05 21:57:32 INFO  [INFO] Resolving artifact: org.specs2:specs2-common_2.12:jar:4.2.0:test:sources[0m
2022.04.05 21:57:32 INFO  [INFO] SUCCESS org.specs2:specs2-common_2.12:jar:4.2.0:test[0m
2022.04.05 21:57:32 INFO  [INFO] Resolving artifact: org.specs2:specs2-fp_2.12:jar:4.2.0:test[0m
2022.04.05 21:57:32 INFO  [INFO] SUCCESS org.specs2:specs2-fp_2.12:jar:4.2.0:test[0m
2022.04.05 21:57:32 INFO  [INFO] Resolving artifact: org.specs2:specs2-fp_2.12:jar:4.2.0:test:sources[0m
2022.04.05 21:57:32 INFO  [INFO] SUCCESS org.specs2:specs2-fp_2.12:jar:4.2.0:test[0m
2022.04.05 21:57:32 INFO  [INFO] Resolving artifact: org.scala-lang.modules:scala-parser-combinators_2.12:jar:1.1.0:test[0m
2022.04.05 21:57:32 INFO  [INFO] SUCCESS org.scala-lang.modules:scala-parser-combinators_2.12:jar:1.1.0:test[0m
2022.04.05 21:57:32 INFO  [INFO] Resolving artifact: org.scala-lang.modules:scala-parser-combinators_2.12:jar:1.1.0:test:sources[0m
2022.04.05 21:57:32 INFO  [INFO] SUCCESS org.scala-lang.modules:scala-parser-combinators_2.12:jar:1.1.0:test[0m
2022.04.05 21:57:32 INFO  [INFO] Resolving artifact: org.scala-sbt:test-interface:jar:1.0:test[0m
2022.04.05 21:57:32 INFO  [INFO] SUCCESS org.scala-sbt:test-interface:jar:1.0:test[0m
2022.04.05 21:57:32 INFO  [INFO] Resolving artifact: org.scala-sbt:test-interface:jar:1.0:test:sources[0m
2022.04.05 21:57:32 INFO  [INFO] SUCCESS org.scala-sbt:test-interface:jar:1.0:test[0m
2022.04.05 21:57:32 INFO  [INFO] Resolving artifact: org.specs2:specs2-junit_2.12:jar:4.2.0:test[0m
2022.04.05 21:57:32 INFO  [INFO] SUCCESS org.specs2:specs2-junit_2.12:jar:4.2.0:test[0m
2022.04.05 21:57:32 INFO  [INFO] Resolving artifact: org.specs2:specs2-junit_2.12:jar:4.2.0:test:sources[0m
2022.04.05 21:57:32 INFO  [INFO] SUCCESS org.specs2:specs2-junit_2.12:jar:4.2.0:test[0m
2022.04.05 21:57:32 INFO  [INFO] Generated .bloop/rock-the-jvm-beginners-test.json[0m
2022.04.05 21:57:32 INFO  [INFO] ------------------------------------------------------------------------[0m
2022.04.05 21:57:32 INFO  [INFO] BUILD SUCCESS[0m
2022.04.05 21:57:32 INFO  [INFO] ------------------------------------------------------------------------[0m
2022.04.05 21:57:32 INFO  [INFO] Total time: 1.411 s[0m
2022.04.05 21:57:32 INFO  [INFO] Finished at: 2022-04-05T21:57:32-05:00[0m
2022.04.05 21:57:32 INFO  [INFO] ------------------------------------------------------------------------[0m
2022.04.05 21:57:32 INFO  time: ran 'mvn bloopInstall' in 2.47s[0m
2022.04.05 21:57:32 INFO  Attempting to connect to the build server...[0m
2022.04.05 21:57:32 INFO  tracing is disabled for protocol BSP, to enable tracing of incoming and outgoing JSON messages create an empty file at /home/cristian/info/estudio/scala/rock-the-jvm-beginners/.metals/bsp.trace.json or /home/cristian/.cache/metals/bsp.trace.json[0m
2022.04.05 21:57:32 INFO  time: Connected to build server in 0.31s[0m
2022.04.05 21:57:32 INFO  Connected to Build server: Bloop v1.4.13[0m
2022.04.05 21:57:35 ERROR Failed to fetch mtags for 2.12.6
Error downloading org.scalameta:mtags_2.12.6:0.11.2
  not found: /home/cristian/.ivy2/local/org.scalameta/mtags_2.12.6/0.11.2/ivys/ivy.xml
  not found: https://repo1.maven.org/maven2/org/scalameta/mtags_2.12.6/0.11.2/mtags_2.12.6-0.11.2.pom
  not found: https://oss.sonatype.org/content/repositories/public/org/scalameta/mtags_2.12.6/0.11.2/mtags_2.12.6-0.11.2.pom
  not found: https://oss.sonatype.org/content/repositories/snapshots/org/scalameta/mtags_2.12.6/0.11.2/mtags_2.12.6-0.11.2.pom[0m
2022.04.05 21:57:35 ERROR Failed to fetch mtags for 2.12.6
Error downloading org.scalameta:mtags_2.12.6:0.11.2
  not found: /home/cristian/.ivy2/local/org.scalameta/mtags_2.12.6/0.11.2/ivys/ivy.xml
  not found: https://repo1.maven.org/maven2/org/scalameta/mtags_2.12.6/0.11.2/mtags_2.12.6-0.11.2.pom
  not found: https://oss.sonatype.org/content/repositories/public/org/scalameta/mtags_2.12.6/0.11.2/mtags_2.12.6-0.11.2.pom
  not found: https://oss.sonatype.org/content/repositories/snapshots/org/scalameta/mtags_2.12.6/0.11.2/mtags_2.12.6-0.11.2.pom[0m
2022.04.05 21:57:36 ERROR Failed to fetch mtags for 2.12.6
Error downloading org.scalameta:mtags_2.12.6:0.11.2
  not found: /home/cristian/.ivy2/local/org.scalameta/mtags_2.12.6/0.11.2/ivys/ivy.xml
  not found: https://repo1.maven.org/maven2/org/scalameta/mtags_2.12.6/0.11.2/mtags_2.12.6-0.11.2.pom
  not found: https://oss.sonatype.org/content/repositories/public/org/scalameta/mtags_2.12.6/0.11.2/mtags_2.12.6-0.11.2.pom
  not found: https://oss.sonatype.org/content/repositories/snapshots/org/scalameta/mtags_2.12.6/0.11.2/mtags_2.12.6-0.11.2.pom[0m
2022.04.05 21:57:36 INFO  No mtags for 2.12.6.[0m
2022.04.05 21:57:36 INFO  No mtags for 2.12.6.[0m
2022.04.05 21:57:36 INFO  No mtags for 2.12.6.[0m
2022.04.05 21:57:36 INFO  No mtags for 2.12.6.[0m
2022.04.05 21:57:36 INFO  No mtags for 2.12.6.[0m
2022.04.05 21:57:36 INFO  No mtags for 2.12.6.[0m
2022.04.05 21:57:36 INFO  No mtags for 2.12.6.[0m
2022.04.05 21:57:39 INFO  time: indexed workspace in 6.61s[0m
2022.04.05 21:57:39 INFO  No mtags for 2.12.6.[0m
2022.04.05 21:57:39 WARN  unsupported Scala 2.12.6[0m
2022.04.05 21:57:39 INFO  compiling rock-the-jvm-beginners (1 scala source)[0m
2022.04.05 21:57:41 INFO  time: compiled rock-the-jvm-beginners in 1.82s[0m
2022.04.05 21:57:41 INFO  compiling rock-the-jvm-beginners-test (3 scala sources)[0m
2022.04.05 21:57:44 INFO  time: compiled rock-the-jvm-beginners-test in 3.23s[0m
2022.04.05 21:58:02 INFO  running '/usr/lib/jvm/jdk-11/bin/java -Dfile.encoding=UTF-8 -Dmaven.multiModuleProjectDirectory=/home/cristian/info/estudio/scala/rock-the-jvm-beginners -Dmaven.home=/tmp/metals18002947022421505315 -jar /tmp/metals18002947022421505315/maven-wrapper.jar generate-sources ch.epfl.scala:maven-bloop_2.13:1.4.13:bloopInstall -DdownloadSources=true'[0m
2022.04.05 21:58:03 INFO  [INFO] Scanning for projects...[0m
2022.04.05 21:58:03 INFO  [INFO] [0m
2022.04.05 21:58:03 INFO  [INFO] -----------------< playground:rock-the-jvm-beginners >------------------[0m
2022.04.05 21:58:03 INFO  [INFO] Building rock-the-jvm-beginners 1.0-SNAPSHOT[0m
2022.04.05 21:58:03 INFO  [INFO] --------------------------------[ jar ]---------------------------------[0m
2022.04.05 21:58:03 INFO  [INFO] [0m
2022.04.05 21:58:03 INFO  [INFO] --- maven-bloop_2.13:1.4.13:bloopInstall (default-cli) @ rock-the-jvm-beginners ---[0m
2022.04.05 21:58:03 INFO  [INFO] Using empty launcher: no run setup for rock-the-jvm-beginners.[0m
2022.04.05 21:58:04 INFO  [INFO] Resolving artifact: org.scala-lang:scala-library:jar:2.12.6:compile[0m
2022.04.05 21:58:04 INFO  [INFO] SUCCESS org.scala-lang:scala-library:jar:2.12.6:compile[0m
2022.04.05 21:58:04 INFO  [INFO] Resolving artifact: org.scala-lang:scala-library:jar:2.12.6:compile:sources[0m
2022.04.05 21:58:04 INFO  [INFO] SUCCESS org.scala-lang:scala-library:jar:2.12.6:compile[0m
2022.04.05 21:58:04 INFO  [INFO] Resolving artifact: junit:junit:jar:4.12:test[0m
2022.04.05 21:58:04 INFO  [INFO] SUCCESS junit:junit:jar:4.12:test[0m
2022.04.05 21:58:04 INFO  [INFO] Resolving artifact: junit:junit:jar:4.12:test:sources[0m
2022.04.05 21:58:04 INFO  [INFO] SUCCESS junit:junit:jar:4.12:test[0m
2022.04.05 21:58:04 INFO  [INFO] Resolving artifact: org.hamcrest:hamcrest-core:jar:1.3:test[0m
2022.04.05 21:58:04 INFO  [INFO] SUCCESS org.hamcrest:hamcrest-core:jar:1.3:test[0m
2022.04.05 21:58:04 INFO  [INFO] Resolving artifact: org.hamcrest:hamcrest-core:jar:1.3:test:sources[0m
2022.04.05 21:58:04 INFO  [INFO] SUCCESS org.hamcrest:hamcrest-core:jar:1.3:test[0m
2022.04.05 21:58:04 INFO  [INFO] Resolving artifact: org.scalatest:scalatest_2.12:jar:3.0.5:test[0m
2022.04.05 21:58:04 INFO  [INFO] SUCCESS org.scalatest:scalatest_2.12:jar:3.0.5:test[0m
2022.04.05 21:58:04 INFO  [INFO] Resolving artifact: org.scalatest:scalatest_2.12:jar:3.0.5:test:sources[0m
2022.04.05 21:58:04 INFO  [INFO] SUCCESS org.scalatest:scalatest_2.12:jar:3.0.5:test[0m
2022.04.05 21:58:04 INFO  [INFO] Resolving artifact: org.scalactic:scalactic_2.12:jar:3.0.5:test[0m
2022.04.05 21:58:04 INFO  [INFO] SUCCESS org.scalactic:scalactic_2.12:jar:3.0.5:test[0m
2022.04.05 21:58:04 INFO  [INFO] Resolving artifact: org.scalactic:scalactic_2.12:jar:3.0.5:test:sources[0m
2022.04.05 21:58:04 INFO  [INFO] SUCCESS org.scalactic:scalactic_2.12:jar:3.0.5:test[0m
2022.04.05 21:58:04 INFO  [INFO] Resolving artifact: org.scala-lang:scala-reflect:jar:2.12.4:test[0m
2022.04.05 21:58:04 INFO  [INFO] SUCCESS org.scala-lang:scala-reflect:jar:2.12.4:test[0m
2022.04.05 21:58:04 INFO  [INFO] Resolving artifact: org.scala-lang:scala-reflect:jar:2.12.4:test:sources[0m
2022.04.05 21:58:04 INFO  [INFO] SUCCESS org.scala-lang:scala-reflect:jar:2.12.4:test[0m
2022.04.05 21:58:04 INFO  [INFO] Resolving artifact: org.scala-lang.modules:scala-xml_2.12:jar:1.0.6:test[0m
2022.04.05 21:58:04 INFO  [INFO] SUCCESS org.scala-lang.modules:scala-xml_2.12:jar:1.0.6:test[0m
2022.04.05 21:58:04 INFO  [INFO] Resolving artifact: org.scala-lang.modules:scala-xml_2.12:jar:1.0.6:test:sources[0m
2022.04.05 21:58:04 INFO  [INFO] SUCCESS org.scala-lang.modules:scala-xml_2.12:jar:1.0.6:test[0m
2022.04.05 21:58:04 INFO  [INFO] Resolving artifact: org.specs2:specs2-core_2.12:jar:4.2.0:test[0m
2022.04.05 21:58:04 INFO  [INFO] SUCCESS org.specs2:specs2-core_2.12:jar:4.2.0:test[0m
2022.04.05 21:58:04 INFO  [INFO] Resolving artifact: org.specs2:specs2-core_2.12:jar:4.2.0:test:sources[0m
2022.04.05 21:58:04 INFO  [INFO] SUCCESS org.specs2:specs2-core_2.12:jar:4.2.0:test[0m
2022.04.05 21:58:04 INFO  [INFO] Resolving artifact: org.specs2:specs2-matcher_2.12:jar:4.2.0:test[0m
2022.04.05 21:58:04 INFO  [INFO] SUCCESS org.specs2:specs2-matcher_2.12:jar:4.2.0:test[0m
2022.04.05 21:58:04 INFO  [INFO] Resolving artifact: org.specs2:specs2-matcher_2.12:jar:4.2.0:test:sources[0m
2022.04.05 21:58:04 INFO  [INFO] SUCCESS org.specs2:specs2-matcher_2.12:jar:4.2.0:test[0m
2022.04.05 21:58:04 INFO  [INFO] Resolving artifact: org.specs2:specs2-common_2.12:jar:4.2.0:test[0m
2022.04.05 21:58:04 INFO  [INFO] SUCCESS org.specs2:specs2-common_2.12:jar:4.2.0:test[0m
2022.04.05 21:58:04 INFO  [INFO] Resolving artifact: org.specs2:specs2-common_2.12:jar:4.2.0:test:sources[0m
2022.04.05 21:58:04 INFO  [INFO] SUCCESS org.specs2:specs2-common_2.12:jar:4.2.0:test[0m
2022.04.05 21:58:04 INFO  [INFO] Resolving artifact: org.specs2:specs2-fp_2.12:jar:4.2.0:test[0m
2022.04.05 21:58:04 INFO  [INFO] SUCCESS org.specs2:specs2-fp_2.12:jar:4.2.0:test[0m
2022.04.05 21:58:04 INFO  [INFO] Resolving artifact: org.specs2:specs2-fp_2.12:jar:4.2.0:test:sources[0m
2022.04.05 21:58:04 INFO  [INFO] SUCCESS org.specs2:specs2-fp_2.12:jar:4.2.0:test[0m
2022.04.05 21:58:04 INFO  [INFO] Resolving artifact: org.scala-lang.modules:scala-parser-combinators_2.12:jar:1.1.0:test[0m
2022.04.05 21:58:04 INFO  [INFO] SUCCESS org.scala-lang.modules:scala-parser-combinators_2.12:jar:1.1.0:test[0m
2022.04.05 21:58:04 INFO  [INFO] Resolving artifact: org.scala-lang.modules:scala-parser-combinators_2.12:jar:1.1.0:test:sources[0m
2022.04.05 21:58:04 INFO  [INFO] SUCCESS org.scala-lang.modules:scala-parser-combinators_2.12:jar:1.1.0:test[0m
2022.04.05 21:58:04 INFO  [INFO] Resolving artifact: org.scala-sbt:test-interface:jar:1.0:test[0m
2022.04.05 21:58:04 INFO  [INFO] SUCCESS org.scala-sbt:test-interface:jar:1.0:test[0m
2022.04.05 21:58:04 INFO  [INFO] Resolving artifact: org.scala-sbt:test-interface:jar:1.0:test:sources[0m
2022.04.05 21:58:04 INFO  [INFO] SUCCESS org.scala-sbt:test-interface:jar:1.0:test[0m
2022.04.05 21:58:04 INFO  [INFO] Resolving artifact: org.specs2:specs2-junit_2.12:jar:4.2.0:test[0m
2022.04.05 21:58:04 INFO  [INFO] SUCCESS org.specs2:specs2-junit_2.12:jar:4.2.0:test[0m
2022.04.05 21:58:04 INFO  [INFO] Resolving artifact: org.specs2:specs2-junit_2.12:jar:4.2.0:test:sources[0m
2022.04.05 21:58:04 INFO  [INFO] SUCCESS org.specs2:specs2-junit_2.12:jar:4.2.0:test[0m
2022.04.05 21:58:04 INFO  [INFO] Generated .bloop/rock-the-jvm-beginners.json[0m
2022.04.05 21:58:04 INFO  [INFO] Resolving artifact: org.scala-lang:scala-library:jar:2.12.6:compile[0m
2022.04.05 21:58:04 INFO  [INFO] SUCCESS org.scala-lang:scala-library:jar:2.12.6:compile[0m
2022.04.05 21:58:04 INFO  [INFO] Resolving artifact: org.scala-lang:scala-library:jar:2.12.6:compile:sources[0m
2022.04.05 21:58:04 INFO  [INFO] SUCCESS org.scala-lang:scala-library:jar:2.12.6:compile[0m
2022.04.05 21:58:04 INFO  [INFO] Resolving artifact: junit:junit:jar:4.12:test[0m
2022.04.05 21:58:04 INFO  [INFO] SUCCESS junit:junit:jar:4.12:test[0m
2022.04.05 21:58:04 INFO  [INFO] Resolving artifact: junit:junit:jar:4.12:test:sources[0m
2022.04.05 21:58:04 INFO  [INFO] SUCCESS junit:junit:jar:4.12:test[0m
2022.04.05 21:58:04 INFO  [INFO] Resolving artifact: org.hamcrest:hamcrest-core:jar:1.3:test[0m
2022.04.05 21:58:04 INFO  [INFO] SUCCESS org.hamcrest:hamcrest-core:jar:1.3:test[0m
2022.04.05 21:58:04 INFO  [INFO] Resolving artifact: org.hamcrest:hamcrest-core:jar:1.3:test:sources[0m
2022.04.05 21:58:04 INFO  [INFO] SUCCESS org.hamcrest:hamcrest-core:jar:1.3:test[0m
2022.04.05 21:58:04 INFO  [INFO] Resolving artifact: org.scalatest:scalatest_2.12:jar:3.0.5:test[0m
2022.04.05 21:58:04 INFO  [INFO] SUCCESS org.scalatest:scalatest_2.12:jar:3.0.5:test[0m
2022.04.05 21:58:04 INFO  [INFO] Resolving artifact: org.scalatest:scalatest_2.12:jar:3.0.5:test:sources[0m
2022.04.05 21:58:04 INFO  [INFO] SUCCESS org.scalatest:scalatest_2.12:jar:3.0.5:test[0m
2022.04.05 21:58:04 INFO  [INFO] Resolving artifact: org.scalactic:scalactic_2.12:jar:3.0.5:test[0m
2022.04.05 21:58:04 INFO  [INFO] SUCCESS org.scalactic:scalactic_2.12:jar:3.0.5:test[0m
2022.04.05 21:58:04 INFO  [INFO] Resolving artifact: org.scalactic:scalactic_2.12:jar:3.0.5:test:sources[0m
2022.04.05 21:58:04 INFO  [INFO] SUCCESS org.scalactic:scalactic_2.12:jar:3.0.5:test[0m
2022.04.05 21:58:04 INFO  [INFO] Resolving artifact: org.scala-lang:scala-reflect:jar:2.12.4:test[0m
2022.04.05 21:58:04 INFO  [INFO] SUCCESS org.scala-lang:scala-reflect:jar:2.12.4:test[0m
2022.04.05 21:58:04 INFO  [INFO] Resolving artifact: org.scala-lang:scala-reflect:jar:2.12.4:test:sources[0m
2022.04.05 21:58:04 INFO  [INFO] SUCCESS org.scala-lang:scala-reflect:jar:2.12.4:test[0m
2022.04.05 21:58:04 INFO  [INFO] Resolving artifact: org.scala-lang.modules:scala-xml_2.12:jar:1.0.6:test[0m
2022.04.05 21:58:04 INFO  [INFO] SUCCESS org.scala-lang.modules:scala-xml_2.12:jar:1.0.6:test[0m
2022.04.05 21:58:04 INFO  [INFO] Resolving artifact: org.scala-lang.modules:scala-xml_2.12:jar:1.0.6:test:sources[0m
2022.04.05 21:58:04 INFO  [INFO] SUCCESS org.scala-lang.modules:scala-xml_2.12:jar:1.0.6:test[0m
2022.04.05 21:58:04 INFO  [INFO] Resolving artifact: org.specs2:specs2-core_2.12:jar:4.2.0:test[0m
2022.04.05 21:58:04 INFO  [INFO] SUCCESS org.specs2:specs2-core_2.12:jar:4.2.0:test[0m
2022.04.05 21:58:04 INFO  [INFO] Resolving artifact: org.specs2:specs2-core_2.12:jar:4.2.0:test:sources[0m
2022.04.05 21:58:04 INFO  [INFO] SUCCESS org.specs2:specs2-core_2.12:jar:4.2.0:test[0m
2022.04.05 21:58:04 INFO  [INFO] Resolving artifact: org.specs2:specs2-matcher_2.12:jar:4.2.0:test[0m
2022.04.05 21:58:04 INFO  [INFO] SUCCESS org.specs2:specs2-matcher_2.12:jar:4.2.0:test[0m
2022.04.05 21:58:04 INFO  [INFO] Resolving artifact: org.specs2:specs2-matcher_2.12:jar:4.2.0:test:sources[0m
2022.04.05 21:58:04 INFO  [INFO] SUCCESS org.specs2:specs2-matcher_2.12:jar:4.2.0:test[0m
2022.04.05 21:58:04 INFO  [INFO] Resolving artifact: org.specs2:specs2-common_2.12:jar:4.2.0:test[0m
2022.04.05 21:58:04 INFO  [INFO] SUCCESS org.specs2:specs2-common_2.12:jar:4.2.0:test[0m
2022.04.05 21:58:04 INFO  [INFO] Resolving artifact: org.specs2:specs2-common_2.12:jar:4.2.0:test:sources[0m
2022.04.05 21:58:04 INFO  [INFO] SUCCESS org.specs2:specs2-common_2.12:jar:4.2.0:test[0m
2022.04.05 21:58:04 INFO  [INFO] Resolving artifact: org.specs2:specs2-fp_2.12:jar:4.2.0:test[0m
2022.04.05 21:58:04 INFO  [INFO] SUCCESS org.specs2:specs2-fp_2.12:jar:4.2.0:test[0m
2022.04.05 21:58:04 INFO  [INFO] Resolving artifact: org.specs2:specs2-fp_2.12:jar:4.2.0:test:sources[0m
2022.04.05 21:58:04 INFO  [INFO] SUCCESS org.specs2:specs2-fp_2.12:jar:4.2.0:test[0m
2022.04.05 21:58:04 INFO  [INFO] Resolving artifact: org.scala-lang.modules:scala-parser-combinators_2.12:jar:1.1.0:test[0m
2022.04.05 21:58:04 INFO  [INFO] SUCCESS org.scala-lang.modules:scala-parser-combinators_2.12:jar:1.1.0:test[0m
2022.04.05 21:58:04 INFO  [INFO] Resolving artifact: org.scala-lang.modules:scala-parser-combinators_2.12:jar:1.1.0:test:sources[0m
2022.04.05 21:58:04 INFO  [INFO] SUCCESS org.scala-lang.modules:scala-parser-combinators_2.12:jar:1.1.0:test[0m
2022.04.05 21:58:04 INFO  [INFO] Resolving artifact: org.scala-sbt:test-interface:jar:1.0:test[0m
2022.04.05 21:58:04 INFO  [INFO] SUCCESS org.scala-sbt:test-interface:jar:1.0:test[0m
2022.04.05 21:58:04 INFO  [INFO] Resolving artifact: org.scala-sbt:test-interface:jar:1.0:test:sources[0m
2022.04.05 21:58:04 INFO  [INFO] SUCCESS org.scala-sbt:test-interface:jar:1.0:test[0m
2022.04.05 21:58:04 INFO  [INFO] Resolving artifact: org.specs2:specs2-junit_2.12:jar:4.2.0:test[0m
2022.04.05 21:58:04 INFO  [INFO] SUCCESS org.specs2:specs2-junit_2.12:jar:4.2.0:test[0m
2022.04.05 21:58:04 INFO  [INFO] Resolving artifact: org.specs2:specs2-junit_2.12:jar:4.2.0:test:sources[0m
2022.04.05 21:58:04 INFO  [INFO] SUCCESS org.specs2:specs2-junit_2.12:jar:4.2.0:test[0m
2022.04.05 21:58:04 INFO  [INFO] Generated .bloop/rock-the-jvm-beginners-test.json[0m
2022.04.05 21:58:04 INFO  [INFO] ------------------------------------------------------------------------[0m
2022.04.05 21:58:04 INFO  [INFO] BUILD SUCCESS[0m
2022.04.05 21:58:04 INFO  [INFO] ------------------------------------------------------------------------[0m
2022.04.05 21:58:04 INFO  [INFO] Total time: 1.152 s[0m
2022.04.05 21:58:04 INFO  [INFO] Finished at: 2022-04-05T21:58:04-05:00[0m
2022.04.05 21:58:04 INFO  [INFO] ------------------------------------------------------------------------[0m
2022.04.05 21:58:04 INFO  time: ran 'mvn bloopInstall' in 2.13s[0m
2022.04.05 21:58:04 INFO  Disconnecting from Bloop session...[0m
2022.04.05 21:58:04 INFO  Shut down connection with build server.[0m
2022.04.05 21:58:04 INFO  Attempting to connect to the build server...[0m
2022.04.05 21:58:04 INFO  tracing is disabled for protocol BSP, to enable tracing of incoming and outgoing JSON messages create an empty file at /home/cristian/info/estudio/scala/rock-the-jvm-beginners/.metals/bsp.trace.json or /home/cristian/.cache/metals/bsp.trace.json[0m
2022.04.05 21:58:04 INFO  time: Connected to build server in 83ms[0m
2022.04.05 21:58:04 INFO  Connected to Build server: Bloop v1.4.13[0m
2022.04.05 21:58:04 INFO  No mtags for 2.12.6.[0m
2022.04.05 21:58:04 INFO  No mtags for 2.12.6.[0m
2022.04.05 21:58:04 INFO  No mtags for 2.12.6.[0m
2022.04.05 21:58:04 INFO  No mtags for 2.12.6.[0m
2022.04.05 21:58:04 INFO  No mtags for 2.12.6.[0m
2022.04.05 21:58:04 INFO  No mtags for 2.12.6.[0m
2022.04.05 21:58:04 INFO  No mtags for 2.12.6.[0m
2022.04.05 21:58:04 INFO  No mtags for 2.12.6.[0m
2022.04.05 21:58:04 INFO  No mtags for 2.12.6.[0m
2022.04.05 21:58:04 INFO  No mtags for 2.12.6.[0m
2022.04.05 21:58:05 INFO  time: indexed workspace in 1.1s[0m
2022.04.05 21:58:05 INFO  No mtags for 2.12.6.[0m
2022.04.05 21:58:05 WARN  unsupported Scala 2.12.6[0m
2022.04.05 21:58:06 INFO  skipping build import with status 'Installed'[0m
2022.04.05 21:58:07 INFO  No mtags for 2.12.6.[0m
2022.04.05 21:58:07 WARN  unsupported Scala 2.12.6[0m
2022.04.05 21:58:07 INFO  No mtags for 2.12.6.[0m
2022.04.05 21:58:07 WARN  unsupported Scala 2.12.6[0m
2022.04.05 21:58:28 INFO  compiling rock-the-jvm-beginners (1 java source)[0m
2022.04.05 21:58:28 INFO  No mtags for 2.12.6.[0m
2022.04.05 21:58:28 WARN  unsupported Scala 2.12.6[0m
2022.04.05 21:58:28 INFO  time: compiled rock-the-jvm-beginners in 0.48s[0m
2022.04.05 21:58:29 INFO  compiling rock-the-jvm-beginners (1 java source)[0m
2022.04.05 21:58:29 INFO  time: compiled rock-the-jvm-beginners in 96ms[0m
2022.04.05 21:58:34 INFO  compiling rock-the-jvm-beginners (1 java source)[0m
2022.04.05 21:58:34 INFO  time: compiled rock-the-jvm-beginners in 0.27s[0m
2022.04.05 21:58:34 INFO  compiling rock-the-jvm-beginners (1 java source)[0m
2022.04.05 21:58:34 INFO  time: compiled rock-the-jvm-beginners in 0.12s[0m
2022.04.05 21:58:46 INFO  compiling rock-the-jvm-beginners (1 java source)[0m
2022.04.05 21:58:46 INFO  time: compiled rock-the-jvm-beginners in 0.22s[0m
2022.04.05 21:58:47 INFO  No mtags for 2.12.6.[0m
2022.04.05 21:58:47 WARN  unsupported Scala 2.12.6[0m
2022.04.05 21:58:47 INFO  No mtags for 2.12.6.[0m
2022.04.05 21:58:47 WARN  unsupported Scala 2.12.6[0m
2022.04.05 21:58:49 INFO  No mtags for 2.12.6.[0m
2022.04.05 21:58:49 WARN  unsupported Scala 2.12.6[0m
2022.04.05 21:58:49 INFO  No mtags for 2.12.6.[0m
2022.04.05 21:58:49 WARN  unsupported Scala 2.12.6[0m
2022.04.05 21:58:50 INFO  No mtags for 2.12.6.[0m
2022.04.05 21:58:50 WARN  unsupported Scala 2.12.6[0m
2022.04.05 21:58:51 INFO  compiling rock-the-jvm-beginners (1 java source)[0m
2022.04.05 21:58:51 INFO  time: compiled rock-the-jvm-beginners in 15ms[0m
2022.04.05 21:58:51 INFO  No mtags for 2.12.6.[0m
2022.04.05 21:58:51 WARN  unsupported Scala 2.12.6[0m
2022.04.05 21:58:52 INFO  No mtags for 2.12.6.[0m
2022.04.05 21:58:52 WARN  unsupported Scala 2.12.6[0m
2022.04.05 21:58:52 INFO  No mtags for 2.12.6.[0m
2022.04.05 21:58:52 WARN  unsupported Scala 2.12.6[0m
2022.04.05 21:58:55 INFO  compiling rock-the-jvm-beginners (1 java source)[0m
2022.04.05 21:58:55 INFO  time: compiled rock-the-jvm-beginners in 0.25s[0m
2022.04.05 21:59:00 INFO  No mtags for 2.12.6.[0m
2022.04.05 21:59:00 WARN  unsupported Scala 2.12.6[0m
2022.04.05 21:59:02 INFO  No mtags for 2.12.6.[0m
2022.04.05 21:59:02 WARN  unsupported Scala 2.12.6[0m
2022.04.05 21:59:03 INFO  No mtags for 2.12.6.[0m
2022.04.05 21:59:03 WARN  unsupported Scala 2.12.6[0m
2022.04.05 21:59:05 INFO  No mtags for 2.12.6.[0m
2022.04.05 21:59:05 WARN  unsupported Scala 2.12.6[0m
2022.04.05 21:59:07 INFO  compiling rock-the-jvm-beginners (1 java source)[0m
2022.04.05 21:59:07 INFO  time: compiled rock-the-jvm-beginners in 0.2s[0m
2022.04.05 21:59:10 INFO  No mtags for 2.12.6.[0m
2022.04.05 21:59:10 WARN  unsupported Scala 2.12.6[0m
2022.04.05 21:59:10 INFO  No mtags for 2.12.6.[0m
2022.04.05 21:59:10 WARN  unsupported Scala 2.12.6[0m
2022.04.05 21:59:12 INFO  compiling rock-the-jvm-beginners (1 java source)[0m
2022.04.05 21:59:12 INFO  time: compiled rock-the-jvm-beginners in 0.23s[0m
2022.04.05 22:05:13 ERROR Failed to fetch mtags for 2.12.6
Error downloading org.scalameta:mtags_2.12.6:0.11.2
  not found: /home/cristian/.ivy2/local/org.scalameta/mtags_2.12.6/0.11.2/ivys/ivy.xml
  not found: https://repo1.maven.org/maven2/org/scalameta/mtags_2.12.6/0.11.2/mtags_2.12.6-0.11.2.pom
  not found: https://oss.sonatype.org/content/repositories/public/org/scalameta/mtags_2.12.6/0.11.2/mtags_2.12.6-0.11.2.pom
  not found: https://oss.sonatype.org/content/repositories/snapshots/org/scalameta/mtags_2.12.6/0.11.2/mtags_2.12.6-0.11.2.pom[0m
2022.04.05 22:05:13 WARN  unsupported Scala 2.12.6[0m
Apr 05, 2022 10:05:13 PM org.eclipse.lsp4j.jsonrpc.RemoteEndpoint handleCancellation
WARNING: Unmatched cancel notification for request id 291
2022.04.05 22:06:02 INFO  compiling rock-the-jvm-beginners (1 scala source and 1 java source)[0m
2022.04.05 22:06:02 INFO  time: compiled rock-the-jvm-beginners in 0.48s[0m
2022.04.05 22:06:08 INFO  No mtags for 2.12.6.[0m
2022.04.05 22:06:08 WARN  unsupported Scala 2.12.6[0m
2022.04.05 22:06:10 INFO  compiling rock-the-jvm-beginners (1 scala source)[0m
2022.04.05 22:06:10 INFO  time: compiled rock-the-jvm-beginners in 0.25s[0m
2022.04.05 22:06:12 INFO  No mtags for 2.12.6.[0m
2022.04.05 22:06:12 WARN  unsupported Scala 2.12.6[0m
2022.04.05 22:06:14 INFO  compiling rock-the-jvm-beginners (1 scala source)[0m
2022.04.05 22:06:14 INFO  time: compiled rock-the-jvm-beginners in 0.1s[0m
2022.04.05 22:06:14 INFO  No mtags for 2.12.6.[0m
2022.04.05 22:06:14 WARN  unsupported Scala 2.12.6[0m
2022.04.05 22:06:17 INFO  compiling rock-the-jvm-beginners (1 scala source)[0m
2022.04.05 22:06:17 INFO  time: compiled rock-the-jvm-beginners in 0.3s[0m
2022.04.05 22:06:39 INFO  No mtags for 2.12.6.[0m
2022.04.05 22:06:39 WARN  unsupported Scala 2.12.6[0m
2022.04.05 22:06:39 INFO  No mtags for 2.12.6.[0m
2022.04.05 22:06:39 WARN  unsupported Scala 2.12.6[0m
2022.04.05 22:06:39 INFO  No mtags for 2.12.6.[0m
2022.04.05 22:06:39 WARN  unsupported Scala 2.12.6[0m
2022.04.05 22:06:39 INFO  No mtags for 2.12.6.[0m
2022.04.05 22:06:39 WARN  unsupported Scala 2.12.6[0m
2022.04.05 22:06:39 INFO  No mtags for 2.12.6.[0m
2022.04.05 22:06:39 WARN  unsupported Scala 2.12.6[0m
2022.04.05 22:06:39 INFO  No mtags for 2.12.6.[0m
2022.04.05 22:06:39 WARN  unsupported Scala 2.12.6[0m
2022.04.05 22:06:39 INFO  No mtags for 2.12.6.[0m
2022.04.05 22:06:39 WARN  unsupported Scala 2.12.6[0m
2022.04.05 22:06:40 INFO  No mtags for 2.12.6.[0m
2022.04.05 22:06:40 WARN  unsupported Scala 2.12.6[0m
2022.04.05 22:06:40 INFO  No mtags for 2.12.6.[0m
2022.04.05 22:06:40 WARN  unsupported Scala 2.12.6[0m
2022.04.05 22:06:42 INFO  No mtags for 2.12.6.[0m
2022.04.05 22:06:42 WARN  unsupported Scala 2.12.6[0m
2022.04.05 22:06:42 INFO  compiling rock-the-jvm-beginners (1 scala source)[0m
2022.04.05 22:06:42 INFO  time: compiled rock-the-jvm-beginners in 0.33s[0m
2022.04.05 22:06:45 INFO  compiling rock-the-jvm-beginners (1 scala source)[0m
2022.04.05 22:06:45 INFO  time: compiled rock-the-jvm-beginners in 0.28s[0m
2022.04.05 22:06:46 INFO  No mtags for 2.12.6.[0m
2022.04.05 22:06:46 WARN  unsupported Scala 2.12.6[0m
2022.04.05 22:06:46 INFO  No mtags for 2.12.6.[0m
2022.04.05 22:06:46 WARN  unsupported Scala 2.12.6[0m
2022.04.05 22:06:46 INFO  No mtags for 2.12.6.[0m
2022.04.05 22:06:46 WARN  unsupported Scala 2.12.6[0m
2022.04.05 22:06:48 INFO  compiling rock-the-jvm-beginners (1 scala source)[0m
2022.04.05 22:06:48 INFO  time: compiled rock-the-jvm-beginners in 0.28s[0m
2022.04.05 22:06:50 INFO  No mtags for 2.12.6.[0m
2022.04.05 22:06:50 WARN  unsupported Scala 2.12.6[0m
2022.04.05 22:06:51 INFO  compiling rock-the-jvm-beginners (1 scala source)[0m
2022.04.05 22:06:51 INFO  No mtags for 2.12.6.[0m
2022.04.05 22:06:51 WARN  unsupported Scala 2.12.6[0m
2022.04.05 22:06:51 INFO  time: compiled rock-the-jvm-beginners in 0.35s[0m
2022.04.05 22:06:51 INFO  No mtags for 2.12.6.[0m
2022.04.05 22:06:51 WARN  unsupported Scala 2.12.6[0m
2022.04.05 22:06:51 INFO  No mtags for 2.12.6.[0m
2022.04.05 22:06:51 WARN  unsupported Scala 2.12.6[0m
2022.04.05 22:06:52 INFO  No mtags for 2.12.6.[0m
2022.04.05 22:06:52 WARN  unsupported Scala 2.12.6[0m
2022.04.05 22:06:52 INFO  No mtags for 2.12.6.[0m
2022.04.05 22:06:52 WARN  unsupported Scala 2.12.6[0m
2022.04.05 22:06:52 INFO  No mtags for 2.12.6.[0m
2022.04.05 22:06:52 WARN  unsupported Scala 2.12.6[0m
2022.04.05 22:06:52 INFO  No mtags for 2.12.6.[0m
2022.04.05 22:06:52 WARN  unsupported Scala 2.12.6[0m
2022.04.05 22:06:52 INFO  No mtags for 2.12.6.[0m
2022.04.05 22:06:52 WARN  unsupported Scala 2.12.6[0m
2022.04.05 22:06:52 INFO  No mtags for 2.12.6.[0m
2022.04.05 22:06:52 WARN  unsupported Scala 2.12.6[0m
2022.04.05 22:06:53 INFO  No mtags for 2.12.6.[0m
2022.04.05 22:06:53 WARN  unsupported Scala 2.12.6[0m
2022.04.05 22:06:53 INFO  No mtags for 2.12.6.[0m
2022.04.05 22:06:53 WARN  unsupported Scala 2.12.6[0m
2022.04.05 22:06:53 INFO  No mtags for 2.12.6.[0m
2022.04.05 22:06:53 WARN  unsupported Scala 2.12.6[0m
2022.04.05 22:06:53 INFO  No mtags for 2.12.6.[0m
2022.04.05 22:06:53 WARN  unsupported Scala 2.12.6[0m
2022.04.05 22:06:54 INFO  compiling rock-the-jvm-beginners (1 scala source)[0m
2022.04.05 22:06:54 INFO  time: compiled rock-the-jvm-beginners in 0.21s[0m
2022.04.05 22:06:55 INFO  No mtags for 2.12.6.[0m
2022.04.05 22:06:55 WARN  unsupported Scala 2.12.6[0m
2022.04.05 22:08:02 INFO  compiling rock-the-jvm-beginners (1 scala source)[0m
2022.04.05 22:08:02 INFO  time: compiled rock-the-jvm-beginners in 0.18s[0m
2022.04.05 22:08:04 INFO  compiling rock-the-jvm-beginners (1 scala source)[0m
2022.04.05 22:08:04 INFO  time: compiled rock-the-jvm-beginners in 0.14s[0m
2022.04.05 22:08:07 INFO  No mtags for 2.12.6.[0m
2022.04.05 22:08:07 WARN  unsupported Scala 2.12.6[0m
2022.04.05 22:08:07 INFO  No mtags for 2.12.6.[0m
2022.04.05 22:08:07 WARN  unsupported Scala 2.12.6[0m
2022.04.05 22:08:07 INFO  No mtags for 2.12.6.[0m
2022.04.05 22:08:07 WARN  unsupported Scala 2.12.6[0m
2022.04.05 22:08:09 INFO  compiling rock-the-jvm-beginners (1 scala source)[0m
2022.04.05 22:08:09 INFO  time: compiled rock-the-jvm-beginners in 60ms[0m
2022.04.05 22:08:10 INFO  No mtags for 2.12.6.[0m
2022.04.05 22:08:10 WARN  unsupported Scala 2.12.6[0m
2022.04.05 22:08:10 INFO  No mtags for 2.12.6.[0m
2022.04.05 22:08:10 WARN  unsupported Scala 2.12.6[0m
2022.04.05 22:08:10 INFO  No mtags for 2.12.6.[0m
2022.04.05 22:08:10 WARN  unsupported Scala 2.12.6[0m
2022.04.05 22:08:10 INFO  No mtags for 2.12.6.[0m
2022.04.05 22:08:10 WARN  unsupported Scala 2.12.6[0m
2022.04.05 22:08:12 INFO  compiling rock-the-jvm-beginners (1 scala source)[0m
2022.04.05 22:08:12 INFO  time: compiled rock-the-jvm-beginners in 68ms[0m
2022.04.05 22:08:13 INFO  No mtags for 2.12.6.[0m
2022.04.05 22:08:13 WARN  unsupported Scala 2.12.6[0m
2022.04.05 22:08:13 INFO  No mtags for 2.12.6.[0m
2022.04.05 22:08:13 WARN  unsupported Scala 2.12.6[0m
2022.04.05 22:08:14 INFO  compiling rock-the-jvm-beginners (1 scala source)[0m
2022.04.05 22:08:14 INFO  time: compiled rock-the-jvm-beginners in 58ms[0m
2022.04.05 22:08:14 INFO  No mtags for 2.12.6.[0m
2022.04.05 22:08:14 WARN  unsupported Scala 2.12.6[0m
2022.04.05 22:08:14 INFO  No mtags for 2.12.6.[0m
2022.04.05 22:08:14 WARN  unsupported Scala 2.12.6[0m
2022.04.05 22:08:15 INFO  compiling rock-the-jvm-beginners (1 scala source)[0m
2022.04.05 22:08:15 INFO  time: compiled rock-the-jvm-beginners in 55ms[0m
2022.04.05 22:08:21 INFO  No mtags for 2.12.6.[0m
2022.04.05 22:08:21 WARN  unsupported Scala 2.12.6[0m
2022.04.05 22:08:21 INFO  No mtags for 2.12.6.[0m
2022.04.05 22:08:21 WARN  unsupported Scala 2.12.6[0m
2022.04.05 22:08:21 INFO  No mtags for 2.12.6.[0m
2022.04.05 22:08:21 WARN  unsupported Scala 2.12.6[0m
2022.04.05 22:08:21 INFO  No mtags for 2.12.6.[0m
2022.04.05 22:08:21 WARN  unsupported Scala 2.12.6[0m
2022.04.05 22:08:23 INFO  No mtags for 2.12.6.[0m
2022.04.05 22:08:23 WARN  unsupported Scala 2.12.6[0m
2022.04.05 22:08:24 INFO  compiling rock-the-jvm-beginners (1 scala source)[0m
2022.04.05 22:08:24 INFO  time: compiled rock-the-jvm-beginners in 74ms[0m
2022.04.05 22:08:25 INFO  No mtags for 2.12.6.[0m
2022.04.05 22:08:25 WARN  unsupported Scala 2.12.6[0m
something's wrong: no file:///home/cristian/info/estudio/scala/rock-the-jvm-beginners/src/main/scala/playground/ScalaPlayground.scala in Array[<error>]RangePosition(file:///home/cristian/info/estudio/scala/rock-the-jvm-beginners/src/main/scala/playground/ScalaPlayground.scala, 64, 64, 79)
2022.04.05 22:08:25 INFO  No mtags for 2.12.6.[0m
2022.04.05 22:08:25 WARN  unsupported Scala 2.12.6[0m
2022.04.05 22:08:25 INFO  No mtags for 2.12.6.[0m
2022.04.05 22:08:25 WARN  unsupported Scala 2.12.6[0m
something's wrong: no file:///home/cristian/info/estudio/scala/rock-the-jvm-beginners/src/main/scala/playground/ScalaPlayground.scala in Array[<error>]RangePosition(file:///home/cristian/info/estudio/scala/rock-the-jvm-beginners/src/main/scala/playground/ScalaPlayground.scala, 64, 64, 72)
2022.04.05 22:08:25 INFO  No mtags for 2.12.6.[0m
2022.04.05 22:08:25 WARN  unsupported Scala 2.12.6[0m
2022.04.05 22:08:25 INFO  No mtags for 2.12.6.[0m
2022.04.05 22:08:25 WARN  unsupported Scala 2.12.6[0m
2022.04.05 22:08:25 INFO  No mtags for 2.12.6.[0m
2022.04.05 22:08:25 WARN  unsupported Scala 2.12.6[0m
2022.04.05 22:08:25 INFO  No mtags for 2.12.6.[0m
2022.04.05 22:08:25 WARN  unsupported Scala 2.12.6[0m
2022.04.05 22:08:25 INFO  No mtags for 2.12.6.[0m
2022.04.05 22:08:25 WARN  unsupported Scala 2.12.6[0m
something's wrong: no file:///home/cristian/info/estudio/scala/rock-the-jvm-beginners/src/main/scala/playground/ScalaPlayground.scala in Array[<error>]RangePosition(file:///home/cristian/info/estudio/scala/rock-the-jvm-beginners/src/main/scala/playground/ScalaPlayground.scala, 64, 64, 76)
2022.04.05 22:08:25 INFO  No mtags for 2.12.6.[0m
2022.04.05 22:08:25 WARN  unsupported Scala 2.12.6[0m
2022.04.05 22:08:25 INFO  No mtags for 2.12.6.[0m
2022.04.05 22:08:25 WARN  unsupported Scala 2.12.6[0m
something's wrong: no file:///home/cristian/info/estudio/scala/rock-the-jvm-beginners/src/main/scala/playground/ScalaPlayground.scala in Array[String]RangePosition(file:///home/cristian/info/estudio/scala/rock-the-jvm-beginners/src/main/scala/playground/ScalaPlayground.scala, 64, 64, 77)
2022.04.05 22:08:26 INFO  No mtags for 2.12.6.[0m
2022.04.05 22:08:26 WARN  unsupported Scala 2.12.6[0m
2022.04.05 22:08:26 INFO  No mtags for 2.12.6.[0m
2022.04.05 22:08:26 WARN  unsupported Scala 2.12.6[0m
2022.04.05 22:08:27 INFO  No mtags for 2.12.6.[0m
2022.04.05 22:08:27 WARN  unsupported Scala 2.12.6[0m
2022.04.05 22:08:27 INFO  No mtags for 2.12.6.[0m
2022.04.05 22:08:27 WARN  unsupported Scala 2.12.6[0m
2022.04.05 22:08:27 INFO  No mtags for 2.12.6.[0m
2022.04.05 22:08:27 WARN  unsupported Scala 2.12.6[0m
2022.04.05 22:08:29 INFO  compiling rock-the-jvm-beginners (1 scala source)[0m
2022.04.05 22:08:29 INFO  time: compiled rock-the-jvm-beginners in 0.16s[0m
2022.04.05 22:08:31 INFO  No mtags for 2.12.6.[0m
2022.04.05 22:08:31 WARN  unsupported Scala 2.12.6[0m
2022.04.05 22:08:31 INFO  No mtags for 2.12.6.[0m
2022.04.05 22:08:31 WARN  unsupported Scala 2.12.6[0m
2022.04.05 22:08:31 INFO  No mtags for 2.12.6.[0m
2022.04.05 22:08:31 WARN  unsupported Scala 2.12.6[0m
2022.04.05 22:08:33 INFO  compiling rock-the-jvm-beginners (1 scala source)[0m
2022.04.05 22:08:33 INFO  time: compiled rock-the-jvm-beginners in 0.17s[0m
2022.04.05 22:08:41 INFO  compiling rock-the-jvm-beginners (1 scala source)[0m
2022.04.05 22:08:41 INFO  time: compiled rock-the-jvm-beginners in 0.15s[0m
2022.04.05 22:28:51 INFO  compiling rock-the-jvm-beginners (1 scala source)[0m
2022.04.05 22:28:51 INFO  time: compiled rock-the-jvm-beginners in 0.12s[0m
2022.04.05 22:29:02 INFO  compiling rock-the-jvm-beginners (1 scala source)[0m
2022.04.05 22:29:02 INFO  time: compiled rock-the-jvm-beginners in 0.14s[0m
2022.04.05 22:29:02 ERROR Failed to fetch mtags for 2.12.6
Error downloading org.scalameta:mtags_2.12.6:0.11.2
  not found: /home/cristian/.ivy2/local/org.scalameta/mtags_2.12.6/0.11.2/ivys/ivy.xml
  not found: https://repo1.maven.org/maven2/org/scalameta/mtags_2.12.6/0.11.2/mtags_2.12.6-0.11.2.pom
  not found: https://oss.sonatype.org/content/repositories/public/org/scalameta/mtags_2.12.6/0.11.2/mtags_2.12.6-0.11.2.pom
  not found: https://oss.sonatype.org/content/repositories/snapshots/org/scalameta/mtags_2.12.6/0.11.2/mtags_2.12.6-0.11.2.pom[0m
2022.04.05 22:29:02 WARN  unsupported Scala 2.12.6[0m
2022.04.05 22:29:05 INFO  No mtags for 2.12.6.[0m
2022.04.05 22:29:05 WARN  unsupported Scala 2.12.6[0m
2022.04.05 22:29:05 INFO  No mtags for 2.12.6.[0m
2022.04.05 22:29:05 WARN  unsupported Scala 2.12.6[0m
2022.04.05 22:29:09 INFO  No mtags for 2.12.6.[0m
2022.04.05 22:29:09 WARN  unsupported Scala 2.12.6[0m
2022.04.05 22:29:11 INFO  No mtags for 2.12.6.[0m
2022.04.05 22:29:11 WARN  unsupported Scala 2.12.6[0m
2022.04.05 22:29:13 INFO  compiling rock-the-jvm-beginners (1 scala source)[0m
2022.04.05 22:29:13 INFO  time: compiled rock-the-jvm-beginners in 0.14s[0m
2022.04.05 22:29:15 INFO  No mtags for 2.12.6.[0m
2022.04.05 22:29:15 WARN  unsupported Scala 2.12.6[0m
2022.04.05 22:29:15 INFO  No mtags for 2.12.6.[0m
2022.04.05 22:29:15 WARN  unsupported Scala 2.12.6[0m
2022.04.05 22:29:15 INFO  No mtags for 2.12.6.[0m
2022.04.05 22:29:15 WARN  unsupported Scala 2.12.6[0m
2022.04.05 22:29:15 INFO  No mtags for 2.12.6.[0m
2022.04.05 22:29:15 WARN  unsupported Scala 2.12.6[0m
2022.04.05 22:29:15 INFO  No mtags for 2.12.6.[0m
2022.04.05 22:29:15 WARN  unsupported Scala 2.12.6[0m
2022.04.05 22:29:15 INFO  No mtags for 2.12.6.[0m
2022.04.05 22:29:15 WARN  unsupported Scala 2.12.6[0m
2022.04.05 22:29:16 INFO  No mtags for 2.12.6.[0m
2022.04.05 22:29:16 WARN  unsupported Scala 2.12.6[0m
2022.04.05 22:29:17 INFO  compiling rock-the-jvm-beginners (1 scala source)[0m
2022.04.05 22:29:17 INFO  time: compiled rock-the-jvm-beginners in 68ms[0m
2022.04.05 22:29:17 INFO  No mtags for 2.12.6.[0m
2022.04.05 22:29:17 WARN  unsupported Scala 2.12.6[0m
2022.04.05 22:29:17 INFO  No mtags for 2.12.6.[0m
2022.04.05 22:29:17 WARN  unsupported Scala 2.12.6[0m
2022.04.05 22:29:17 INFO  No mtags for 2.12.6.[0m
2022.04.05 22:29:17 WARN  unsupported Scala 2.12.6[0m
2022.04.05 22:29:17 INFO  No mtags for 2.12.6.[0m
2022.04.05 22:29:17 WARN  unsupported Scala 2.12.6[0m
2022.04.05 22:29:19 INFO  compiling rock-the-jvm-beginners (1 scala source)[0m
2022.04.05 22:29:19 INFO  No mtags for 2.12.6.[0m
2022.04.05 22:29:19 WARN  unsupported Scala 2.12.6[0m
2022.04.05 22:29:19 INFO  time: compiled rock-the-jvm-beginners in 64ms[0m
2022.04.05 22:29:19 INFO  No mtags for 2.12.6.[0m
2022.04.05 22:29:19 WARN  unsupported Scala 2.12.6[0m
2022.04.05 22:29:19 INFO  No mtags for 2.12.6.[0m
2022.04.05 22:29:19 WARN  unsupported Scala 2.12.6[0m
2022.04.05 22:29:19 INFO  No mtags for 2.12.6.[0m
2022.04.05 22:29:19 WARN  unsupported Scala 2.12.6[0m
2022.04.05 22:29:19 INFO  No mtags for 2.12.6.[0m
2022.04.05 22:29:19 WARN  unsupported Scala 2.12.6[0m
2022.04.05 22:29:21 INFO  No mtags for 2.12.6.[0m
2022.04.05 22:29:21 WARN  unsupported Scala 2.12.6[0m
something's wrong: no file:///home/cristian/info/estudio/scala/rock-the-jvm-beginners/src/main/scala/lectures/part1basics/ValuesVariablesTypes.scala in Array[<error>]RangePosition(file:///home/cristian/info/estudio/scala/rock-the-jvm-beginners/src/main/scala/lectures/part1basics/ValuesVariablesTypes.scala, 78, 78, 93)
2022.04.05 22:29:21 INFO  No mtags for 2.12.6.[0m
2022.04.05 22:29:21 WARN  unsupported Scala 2.12.6[0m
2022.04.05 22:29:21 INFO  No mtags for 2.12.6.[0m
2022.04.05 22:29:21 WARN  unsupported Scala 2.12.6[0m
something's wrong: no file:///home/cristian/info/estudio/scala/rock-the-jvm-beginners/src/main/scala/lectures/part1basics/ValuesVariablesTypes.scala in Array[<error>]RangePosition(file:///home/cristian/info/estudio/scala/rock-the-jvm-beginners/src/main/scala/lectures/part1basics/ValuesVariablesTypes.scala, 78, 78, 86)
2022.04.05 22:29:21 INFO  No mtags for 2.12.6.[0m
2022.04.05 22:29:21 WARN  unsupported Scala 2.12.6[0m
2022.04.05 22:29:21 INFO  No mtags for 2.12.6.[0m
2022.04.05 22:29:21 WARN  unsupported Scala 2.12.6[0m
2022.04.05 22:29:21 INFO  No mtags for 2.12.6.[0m
2022.04.05 22:29:21 WARN  unsupported Scala 2.12.6[0m
2022.04.05 22:29:21 INFO  No mtags for 2.12.6.[0m
2022.04.05 22:29:21 WARN  unsupported Scala 2.12.6[0m
2022.04.05 22:29:22 INFO  No mtags for 2.12.6.[0m
2022.04.05 22:29:22 WARN  unsupported Scala 2.12.6[0m
something's wrong: no file:///home/cristian/info/estudio/scala/rock-the-jvm-beginners/src/main/scala/lectures/part1basics/ValuesVariablesTypes.scala in Array[<error>]RangePosition(file:///home/cristian/info/estudio/scala/rock-the-jvm-beginners/src/main/scala/lectures/part1basics/ValuesVariablesTypes.scala, 78, 78, 90)
2022.04.05 22:29:22 INFO  No mtags for 2.12.6.[0m
2022.04.05 22:29:22 WARN  unsupported Scala 2.12.6[0m
2022.04.05 22:29:22 INFO  No mtags for 2.12.6.[0m
2022.04.05 22:29:22 WARN  unsupported Scala 2.12.6[0m
something's wrong: no file:///home/cristian/info/estudio/scala/rock-the-jvm-beginners/src/main/scala/lectures/part1basics/ValuesVariablesTypes.scala in Array[String]RangePosition(file:///home/cristian/info/estudio/scala/rock-the-jvm-beginners/src/main/scala/lectures/part1basics/ValuesVariablesTypes.scala, 78, 78, 91)
2022.04.05 22:29:23 INFO  compiling rock-the-jvm-beginners (1 scala source)[0m
2022.04.05 22:29:23 INFO  time: compiled rock-the-jvm-beginners in 79ms[0m
2022.04.05 22:29:24 INFO  No mtags for 2.12.6.[0m
2022.04.05 22:29:24 WARN  unsupported Scala 2.12.6[0m
2022.04.05 22:29:27 INFO  compiling rock-the-jvm-beginners (1 scala source)[0m
2022.04.05 22:29:27 INFO  time: compiled rock-the-jvm-beginners in 57ms[0m
2022.04.05 22:29:30 INFO  No mtags for 2.12.6.[0m
2022.04.05 22:29:30 WARN  unsupported Scala 2.12.6[0m
2022.04.05 22:29:30 INFO  No mtags for 2.12.6.[0m
2022.04.05 22:29:30 WARN  unsupported Scala 2.12.6[0m
2022.04.05 22:29:30 INFO  No mtags for 2.12.6.[0m
2022.04.05 22:29:30 WARN  unsupported Scala 2.12.6[0m
2022.04.05 22:29:30 INFO  No mtags for 2.12.6.[0m
2022.04.05 22:29:30 WARN  unsupported Scala 2.12.6[0m
2022.04.05 22:29:32 INFO  No mtags for 2.12.6.[0m
2022.04.05 22:29:32 WARN  unsupported Scala 2.12.6[0m
2022.04.05 22:29:35 INFO  compiling rock-the-jvm-beginners (1 scala source)[0m
2022.04.05 22:29:35 INFO  time: compiled rock-the-jvm-beginners in 0.14s[0m
2022.04.05 22:29:54 INFO  No mtags for 2.12.6.[0m
2022.04.05 22:29:54 WARN  unsupported Scala 2.12.6[0m
2022.04.05 22:29:54 INFO  No mtags for 2.12.6.[0m
2022.04.05 22:29:54 WARN  unsupported Scala 2.12.6[0m
2022.04.05 22:29:54 INFO  No mtags for 2.12.6.[0m
2022.04.05 22:29:54 WARN  unsupported Scala 2.12.6[0m
2022.04.05 22:29:57 INFO  compiling rock-the-jvm-beginners (1 scala source)[0m
2022.04.05 22:29:57 INFO  time: compiled rock-the-jvm-beginners in 0.2s[0m
2022.04.05 22:30:00 INFO  compiling rock-the-jvm-beginners (1 scala source)[0m
2022.04.05 22:30:00 INFO  time: compiled rock-the-jvm-beginners in 0.13s[0m
2022.04.05 22:30:03 INFO  compiling rock-the-jvm-beginners (1 scala source)[0m
2022.04.05 22:30:03 INFO  time: compiled rock-the-jvm-beginners in 0.14s[0m
2022.04.05 22:30:07 INFO  compiling rock-the-jvm-beginners (1 scala source)[0m
2022.04.05 22:30:07 INFO  time: compiled rock-the-jvm-beginners in 0.14s[0m
2022.04.05 22:30:10 INFO  compiling rock-the-jvm-beginners (1 scala source)[0m
2022.04.05 22:30:10 INFO  time: compiled rock-the-jvm-beginners in 0.15s[0m
2022.04.05 22:30:12 INFO  compiling rock-the-jvm-beginners (1 scala source)[0m
2022.04.05 22:30:12 INFO  time: compiled rock-the-jvm-beginners in 0.15s[0m
2022.04.05 22:33:03 INFO  compiling rock-the-jvm-beginners (1 scala source)[0m
2022.04.05 22:33:03 INFO  time: compiled rock-the-jvm-beginners in 0.13s[0m
2022.04.05 22:33:03 INFO  No mtags for 2.12.6.[0m
2022.04.05 22:33:03 WARN  unsupported Scala 2.12.6[0m
2022.04.05 22:33:03 INFO  No mtags for 2.12.6.[0m
2022.04.05 22:33:03 WARN  unsupported Scala 2.12.6[0m
2022.04.05 22:33:03 INFO  No mtags for 2.12.6.[0m
2022.04.05 22:33:03 WARN  unsupported Scala 2.12.6[0m
2022.04.05 22:33:04 INFO  No mtags for 2.12.6.[0m
2022.04.05 22:33:04 WARN  unsupported Scala 2.12.6[0m
2022.04.05 22:33:04 INFO  No mtags for 2.12.6.[0m
2022.04.05 22:33:04 WARN  unsupported Scala 2.12.6[0m
2022.04.05 22:33:04 INFO  No mtags for 2.12.6.[0m
2022.04.05 22:33:04 WARN  unsupported Scala 2.12.6[0m
2022.04.05 22:33:04 INFO  No mtags for 2.12.6.[0m
2022.04.05 22:33:04 WARN  unsupported Scala 2.12.6[0m
2022.04.05 22:33:04 INFO  No mtags for 2.12.6.[0m
2022.04.05 22:33:04 WARN  unsupported Scala 2.12.6[0m
2022.04.05 22:33:05 INFO  No mtags for 2.12.6.[0m
2022.04.05 22:33:05 WARN  unsupported Scala 2.12.6[0m
2022.04.05 22:33:05 INFO  No mtags for 2.12.6.[0m
2022.04.05 22:33:05 WARN  unsupported Scala 2.12.6[0m
2022.04.05 22:33:06 INFO  compiling rock-the-jvm-beginners (1 scala source)[0m
2022.04.05 22:33:06 INFO  time: compiled rock-the-jvm-beginners in 0.18s[0m
2022.04.05 22:33:20 INFO  No mtags for 2.12.6.[0m
2022.04.05 22:33:20 WARN  unsupported Scala 2.12.6[0m
2022.04.05 22:33:20 INFO  No mtags for 2.12.6.[0m
2022.04.05 22:33:20 WARN  unsupported Scala 2.12.6[0m
2022.04.05 22:33:20 INFO  No mtags for 2.12.6.[0m
2022.04.05 22:33:20 WARN  unsupported Scala 2.12.6[0m
2022.04.05 22:33:22 INFO  compiling rock-the-jvm-beginners (1 scala source)[0m
2022.04.05 22:33:22 INFO  time: compiled rock-the-jvm-beginners in 0.17s[0m
2022.04.05 22:33:29 INFO  compiling rock-the-jvm-beginners (1 scala source)[0m
2022.04.05 22:33:29 INFO  time: compiled rock-the-jvm-beginners in 0.22s[0m
2022.04.05 22:33:40 INFO  compiling rock-the-jvm-beginners (1 scala source)[0m
2022.04.05 22:33:40 INFO  time: compiled rock-the-jvm-beginners in 0.16s[0m
2022.04.05 22:34:30 ERROR Failed to fetch mtags for 2.12.6
Error downloading org.scalameta:mtags_2.12.6:0.11.2
  not found: /home/cristian/.ivy2/local/org.scalameta/mtags_2.12.6/0.11.2/ivys/ivy.xml
  not found: https://repo1.maven.org/maven2/org/scalameta/mtags_2.12.6/0.11.2/mtags_2.12.6-0.11.2.pom
  not found: https://oss.sonatype.org/content/repositories/public/org/scalameta/mtags_2.12.6/0.11.2/mtags_2.12.6-0.11.2.pom
  not found: https://oss.sonatype.org/content/repositories/snapshots/org/scalameta/mtags_2.12.6/0.11.2/mtags_2.12.6-0.11.2.pom[0m
2022.04.05 22:34:30 WARN  unsupported Scala 2.12.6[0m
Apr 05, 2022 10:34:30 PM org.eclipse.lsp4j.jsonrpc.RemoteEndpoint handleCancellation
WARNING: Unmatched cancel notification for request id 1135
Apr 05, 2022 10:34:30 PM org.eclipse.lsp4j.jsonrpc.RemoteEndpoint handleCancellation
WARNING: Unmatched cancel notification for request id 1139
Apr 05, 2022 10:34:30 PM org.eclipse.lsp4j.jsonrpc.RemoteEndpoint handleCancellation
WARNING: Unmatched cancel notification for request id 1141
2022.04.05 22:34:31 INFO  compiling rock-the-jvm-beginners (1 scala source)[0m
2022.04.05 22:34:31 INFO  time: compiled rock-the-jvm-beginners in 0.2s[0m
2022.04.05 22:34:33 INFO  compiling rock-the-jvm-beginners (1 scala source)[0m
2022.04.05 22:34:33 INFO  time: compiled rock-the-jvm-beginners in 0.14s[0m
2022.04.05 22:34:34 INFO  No mtags for 2.12.6.[0m
2022.04.05 22:34:34 WARN  unsupported Scala 2.12.6[0m
2022.04.05 22:34:34 INFO  No mtags for 2.12.6.[0m
2022.04.05 22:34:34 WARN  unsupported Scala 2.12.6[0m
2022.04.05 22:34:34 INFO  No mtags for 2.12.6.[0m
2022.04.05 22:34:34 WARN  unsupported Scala 2.12.6[0m
2022.04.05 22:34:35 INFO  No mtags for 2.12.6.[0m
2022.04.05 22:34:35 WARN  unsupported Scala 2.12.6[0m
2022.04.05 22:34:36 INFO  compiling rock-the-jvm-beginners (1 scala source)[0m
2022.04.05 22:34:36 INFO  time: compiled rock-the-jvm-beginners in 0.22s[0m
2022.04.05 22:35:02 INFO  compiling rock-the-jvm-beginners (1 scala source)[0m
2022.04.05 22:35:02 INFO  time: compiled rock-the-jvm-beginners in 0.24s[0m
2022.04.05 22:35:05 INFO  No mtags for 2.12.6.[0m
2022.04.05 22:35:05 WARN  unsupported Scala 2.12.6[0m
2022.04.05 22:35:06 INFO  compiling rock-the-jvm-beginners (1 scala source)[0m
2022.04.05 22:35:06 INFO  time: compiled rock-the-jvm-beginners in 83ms[0m
2022.04.05 22:35:10 INFO  compiling rock-the-jvm-beginners (1 scala source)[0m
2022.04.05 22:35:10 INFO  time: compiled rock-the-jvm-beginners in 0.2s[0m
2022.04.05 22:35:20 INFO  compiling rock-the-jvm-beginners (1 scala source)[0m
2022.04.05 22:35:20 INFO  time: compiled rock-the-jvm-beginners in 0.17s[0m
2022.04.05 22:35:22 INFO  compiling rock-the-jvm-beginners (1 scala source)[0m
2022.04.05 22:35:22 INFO  time: compiled rock-the-jvm-beginners in 0.17s[0m
2022.04.05 22:35:24 INFO  No mtags for 2.12.6.[0m
2022.04.05 22:35:24 WARN  unsupported Scala 2.12.6[0m
2022.04.05 22:35:29 INFO  compiling rock-the-jvm-beginners (1 scala source)[0m
2022.04.05 22:35:29 INFO  time: compiled rock-the-jvm-beginners in 0.2s[0m
2022.04.05 22:35:37 INFO  compiling rock-the-jvm-beginners (1 scala source)[0m
2022.04.05 22:35:37 INFO  time: compiled rock-the-jvm-beginners in 0.18s[0m
2022.04.05 22:35:39 INFO  compiling rock-the-jvm-beginners (1 scala source)[0m
2022.04.05 22:35:39 INFO  time: compiled rock-the-jvm-beginners in 0.2s[0m
2022.04.05 22:35:41 INFO  compiling rock-the-jvm-beginners (1 scala source)[0m
2022.04.05 22:35:41 INFO  time: compiled rock-the-jvm-beginners in 0.22s[0m
2022.04.05 22:36:01 INFO  No mtags for 2.12.6.[0m
2022.04.05 22:36:01 WARN  unsupported Scala 2.12.6[0m
2022.04.05 22:36:02 INFO  compiling rock-the-jvm-beginners (1 scala source)[0m
2022.04.05 22:36:02 INFO  time: compiled rock-the-jvm-beginners in 0.16s[0m
2022.04.05 22:36:43 INFO  compiling rock-the-jvm-beginners (1 scala source)[0m
2022.04.05 22:36:43 INFO  time: compiled rock-the-jvm-beginners in 0.2s[0m
2022.04.05 22:36:53 INFO  compiling rock-the-jvm-beginners (1 scala source)[0m
2022.04.05 22:36:53 INFO  time: compiled rock-the-jvm-beginners in 0.19s[0m
2022.04.05 22:36:55 INFO  No mtags for 2.12.6.[0m
2022.04.05 22:36:55 WARN  unsupported Scala 2.12.6[0m
2022.04.05 22:36:55 INFO  No mtags for 2.12.6.[0m
2022.04.05 22:36:55 WARN  unsupported Scala 2.12.6[0m
2022.04.05 22:36:55 INFO  No mtags for 2.12.6.[0m
2022.04.05 22:36:55 WARN  unsupported Scala 2.12.6[0m
2022.04.05 22:36:57 INFO  compiling rock-the-jvm-beginners (1 scala source)[0m
2022.04.05 22:36:57 INFO  time: compiled rock-the-jvm-beginners in 0.18s[0m
2022.04.05 22:37:02 INFO  compiling rock-the-jvm-beginners (1 scala source)[0m
2022.04.05 22:37:02 INFO  time: compiled rock-the-jvm-beginners in 0.12s[0m
2022.04.05 22:37:09 INFO  compiling rock-the-jvm-beginners (1 scala source)[0m
2022.04.05 22:37:09 INFO  time: compiled rock-the-jvm-beginners in 0.11s[0m
2022.04.05 22:37:17 INFO  compiling rock-the-jvm-beginners (1 scala source)[0m
2022.04.05 22:37:17 INFO  time: compiled rock-the-jvm-beginners in 94ms[0m
2022.04.05 22:37:17 INFO  compiling rock-the-jvm-beginners (1 scala source)[0m
2022.04.05 22:37:18 INFO  time: compiled rock-the-jvm-beginners in 0.21s[0m
2022.04.05 22:37:36 INFO  No mtags for 2.12.6.[0m
2022.04.05 22:37:36 WARN  unsupported Scala 2.12.6[0m
2022.04.05 22:37:36 INFO  No mtags for 2.12.6.[0m
2022.04.05 22:37:36 WARN  unsupported Scala 2.12.6[0m
2022.04.05 22:37:36 INFO  No mtags for 2.12.6.[0m
2022.04.05 22:37:36 WARN  unsupported Scala 2.12.6[0m
2022.04.05 22:37:39 INFO  No mtags for 2.12.6.[0m
2022.04.05 22:37:39 WARN  unsupported Scala 2.12.6[0m
2022.04.05 22:37:39 INFO  No mtags for 2.12.6.[0m
2022.04.05 22:37:39 WARN  unsupported Scala 2.12.6[0m
2022.04.05 22:37:39 INFO  No mtags for 2.12.6.[0m
2022.04.05 22:37:39 WARN  unsupported Scala 2.12.6[0m
2022.04.05 22:37:39 INFO  No mtags for 2.12.6.[0m
2022.04.05 22:37:39 WARN  unsupported Scala 2.12.6[0m
2022.04.05 22:37:40 INFO  No mtags for 2.12.6.[0m
2022.04.05 22:37:40 WARN  unsupported Scala 2.12.6[0m
2022.04.05 22:37:40 INFO  No mtags for 2.12.6.[0m
2022.04.05 22:37:40 WARN  unsupported Scala 2.12.6[0m
2022.04.05 22:37:40 INFO  No mtags for 2.12.6.[0m
2022.04.05 22:37:40 WARN  unsupported Scala 2.12.6[0m
2022.04.05 22:37:40 INFO  No mtags for 2.12.6.[0m
2022.04.05 22:37:40 WARN  unsupported Scala 2.12.6[0m
2022.04.05 22:37:40 INFO  No mtags for 2.12.6.[0m
2022.04.05 22:37:40 WARN  unsupported Scala 2.12.6[0m
2022.04.05 22:37:43 INFO  compiling rock-the-jvm-beginners (1 scala source)[0m
2022.04.05 22:37:43 INFO  time: compiled rock-the-jvm-beginners in 0.2s[0m
2022.04.05 22:37:51 INFO  compiling rock-the-jvm-beginners (1 scala source)[0m
2022.04.05 22:37:51 INFO  time: compiled rock-the-jvm-beginners in 0.21s[0m
2022.04.05 22:37:59 INFO  compiling rock-the-jvm-beginners (1 scala source)[0m
2022.04.05 22:37:59 INFO  time: compiled rock-the-jvm-beginners in 0.17s[0m
2022.04.05 22:38:19 INFO  No mtags for 2.12.6.[0m
2022.04.05 22:38:19 WARN  unsupported Scala 2.12.6[0m
2022.04.05 22:38:19 INFO  No mtags for 2.12.6.[0m
2022.04.05 22:38:19 WARN  unsupported Scala 2.12.6[0m
2022.04.05 22:38:19 INFO  No mtags for 2.12.6.[0m
2022.04.05 22:38:19 WARN  unsupported Scala 2.12.6[0m
2022.04.05 22:38:20 INFO  No mtags for 2.12.6.[0m
2022.04.05 22:38:20 WARN  unsupported Scala 2.12.6[0m
2022.04.05 22:38:20 INFO  No mtags for 2.12.6.[0m
2022.04.05 22:38:20 WARN  unsupported Scala 2.12.6[0m
2022.04.05 22:38:20 INFO  No mtags for 2.12.6.[0m
2022.04.05 22:38:20 WARN  unsupported Scala 2.12.6[0m
2022.04.05 22:38:20 INFO  No mtags for 2.12.6.[0m
2022.04.05 22:38:20 WARN  unsupported Scala 2.12.6[0m
Apr 05, 2022 10:38:21 PM org.eclipse.lsp4j.jsonrpc.RemoteEndpoint handleCancellation
WARNING: Unmatched cancel notification for request id 1657
2022.04.05 22:38:20 INFO  No mtags for 2.12.6.[0m
2022.04.05 22:38:20 WARN  unsupported Scala 2.12.6[0m
2022.04.05 22:38:20 INFO  No mtags for 2.12.6.[0m
2022.04.05 22:38:20 WARN  unsupported Scala 2.12.6[0m
2022.04.05 22:38:20 INFO  No mtags for 2.12.6.[0m
2022.04.05 22:38:20 WARN  unsupported Scala 2.12.6[0m
2022.04.05 22:38:21 INFO  No mtags for 2.12.6.[0m
2022.04.05 22:38:21 WARN  unsupported Scala 2.12.6[0m
2022.04.05 22:38:21 INFO  No mtags for 2.12.6.[0m
2022.04.05 22:38:21 WARN  unsupported Scala 2.12.6[0m
2022.04.05 22:38:21 INFO  No mtags for 2.12.6.[0m
2022.04.05 22:38:21 WARN  unsupported Scala 2.12.6[0m
2022.04.05 22:38:23 INFO  compiling rock-the-jvm-beginners (1 scala source)[0m
2022.04.05 22:38:23 INFO  time: compiled rock-the-jvm-beginners in 68ms[0m
2022.04.05 22:38:24 INFO  No mtags for 2.12.6.[0m
2022.04.05 22:38:24 WARN  unsupported Scala 2.12.6[0m
2022.04.05 22:38:24 INFO  No mtags for 2.12.6.[0m
2022.04.05 22:38:24 WARN  unsupported Scala 2.12.6[0m
2022.04.05 22:38:24 INFO  No mtags for 2.12.6.[0m
2022.04.05 22:38:24 WARN  unsupported Scala 2.12.6[0m
2022.04.05 22:38:24 INFO  No mtags for 2.12.6.[0m
2022.04.05 22:38:24 WARN  unsupported Scala 2.12.6[0m
2022.04.05 22:38:24 INFO  No mtags for 2.12.6.[0m
2022.04.05 22:38:24 WARN  unsupported Scala 2.12.6[0m
2022.04.05 22:38:24 INFO  No mtags for 2.12.6.[0m
2022.04.05 22:38:24 WARN  unsupported Scala 2.12.6[0m
2022.04.05 22:38:26 INFO  compiling rock-the-jvm-beginners (1 scala source)[0m
2022.04.05 22:38:26 INFO  time: compiled rock-the-jvm-beginners in 66ms[0m
2022.04.05 22:38:29 INFO  compiling rock-the-jvm-beginners (1 scala source)[0m
2022.04.05 22:38:29 INFO  time: compiled rock-the-jvm-beginners in 0.2s[0m
2022.04.05 22:38:31 INFO  compiling rock-the-jvm-beginners (1 scala source)[0m
2022.04.05 22:38:31 INFO  time: compiled rock-the-jvm-beginners in 0.16s[0m
2022.04.05 22:38:36 INFO  compiling rock-the-jvm-beginners (1 scala source)[0m
2022.04.05 22:38:36 INFO  time: compiled rock-the-jvm-beginners in 0.25s[0m
2022.04.05 22:38:37 INFO  No mtags for 2.12.6.[0m
2022.04.05 22:38:37 WARN  unsupported Scala 2.12.6[0m
2022.04.05 22:38:37 INFO  No mtags for 2.12.6.[0m
2022.04.05 22:38:37 WARN  unsupported Scala 2.12.6[0m
2022.04.05 22:38:37 INFO  No mtags for 2.12.6.[0m
2022.04.05 22:38:37 WARN  unsupported Scala 2.12.6[0m
2022.04.05 22:38:39 INFO  compiling rock-the-jvm-beginners (1 scala source)[0m
2022.04.05 22:38:39 INFO  time: compiled rock-the-jvm-beginners in 58ms[0m
2022.04.05 22:38:40 INFO  No mtags for 2.12.6.[0m
2022.04.05 22:38:40 WARN  unsupported Scala 2.12.6[0m
2022.04.05 22:38:40 INFO  No mtags for 2.12.6.[0m
2022.04.05 22:38:40 WARN  unsupported Scala 2.12.6[0m
2022.04.05 22:38:40 INFO  No mtags for 2.12.6.[0m
2022.04.05 22:38:40 WARN  unsupported Scala 2.12.6[0m
2022.04.05 22:38:40 INFO  No mtags for 2.12.6.[0m
2022.04.05 22:38:40 WARN  unsupported Scala 2.12.6[0m
2022.04.05 22:38:40 INFO  No mtags for 2.12.6.[0m
2022.04.05 22:38:40 WARN  unsupported Scala 2.12.6[0m
2022.04.05 22:38:41 INFO  No mtags for 2.12.6.[0m
2022.04.05 22:38:41 WARN  unsupported Scala 2.12.6[0m
2022.04.05 22:38:41 INFO  No mtags for 2.12.6.[0m
2022.04.05 22:38:41 WARN  unsupported Scala 2.12.6[0m
2022.04.05 22:38:41 INFO  No mtags for 2.12.6.[0m
2022.04.05 22:38:41 WARN  unsupported Scala 2.12.6[0m
2022.04.05 22:38:41 INFO  No mtags for 2.12.6.[0m
2022.04.05 22:38:41 WARN  unsupported Scala 2.12.6[0m
2022.04.05 22:38:41 INFO  No mtags for 2.12.6.[0m
2022.04.05 22:38:41 WARN  unsupported Scala 2.12.6[0m
2022.04.05 22:38:42 INFO  No mtags for 2.12.6.[0m
2022.04.05 22:38:42 WARN  unsupported Scala 2.12.6[0m
2022.04.05 22:38:43 INFO  No mtags for 2.12.6.[0m
2022.04.05 22:38:43 WARN  unsupported Scala 2.12.6[0m
2022.04.05 22:38:43 INFO  No mtags for 2.12.6.[0m
2022.04.05 22:38:43 WARN  unsupported Scala 2.12.6[0m
2022.04.05 22:38:43 INFO  No mtags for 2.12.6.[0m
2022.04.05 22:38:43 WARN  unsupported Scala 2.12.6[0m
2022.04.05 22:38:43 INFO  No mtags for 2.12.6.[0m
2022.04.05 22:38:43 WARN  unsupported Scala 2.12.6[0m
2022.04.05 22:38:43 INFO  No mtags for 2.12.6.[0m
2022.04.05 22:38:43 WARN  unsupported Scala 2.12.6[0m
2022.04.05 22:38:43 INFO  No mtags for 2.12.6.[0m
2022.04.05 22:38:43 WARN  unsupported Scala 2.12.6[0m
2022.04.05 22:38:48 INFO  compiling rock-the-jvm-beginners (1 scala source)[0m
2022.04.05 22:38:48 INFO  time: compiled rock-the-jvm-beginners in 0.18s[0m
2022.04.05 22:38:58 INFO  No mtags for 2.12.6.[0m
2022.04.05 22:38:58 WARN  unsupported Scala 2.12.6[0m
2022.04.05 22:38:58 INFO  No mtags for 2.12.6.[0m
2022.04.05 22:38:58 WARN  unsupported Scala 2.12.6[0m
2022.04.05 22:38:58 INFO  No mtags for 2.12.6.[0m
2022.04.05 22:38:58 WARN  unsupported Scala 2.12.6[0m
2022.04.05 22:39:00 INFO  compiling rock-the-jvm-beginners (1 scala source)[0m
2022.04.05 22:39:00 INFO  time: compiled rock-the-jvm-beginners in 0.18s[0m
2022.04.05 22:39:01 INFO  No mtags for 2.12.6.[0m
2022.04.05 22:39:01 WARN  unsupported Scala 2.12.6[0m
2022.04.05 22:39:02 INFO  No mtags for 2.12.6.[0m
2022.04.05 22:39:02 WARN  unsupported Scala 2.12.6[0m
2022.04.05 22:39:02 INFO  No mtags for 2.12.6.[0m
2022.04.05 22:39:02 WARN  unsupported Scala 2.12.6[0m
2022.04.05 22:39:02 INFO  No mtags for 2.12.6.[0m
2022.04.05 22:39:02 WARN  unsupported Scala 2.12.6[0m
2022.04.05 22:39:02 INFO  No mtags for 2.12.6.[0m
2022.04.05 22:39:02 WARN  unsupported Scala 2.12.6[0m
2022.04.05 22:39:02 INFO  No mtags for 2.12.6.[0m
2022.04.05 22:39:02 WARN  unsupported Scala 2.12.6[0m
2022.04.05 22:39:03 INFO  No mtags for 2.12.6.[0m
2022.04.05 22:39:03 WARN  unsupported Scala 2.12.6[0m
2022.04.05 22:39:03 INFO  No mtags for 2.12.6.[0m
2022.04.05 22:39:03 WARN  unsupported Scala 2.12.6[0m
2022.04.05 22:39:04 INFO  compiling rock-the-jvm-beginners (1 scala source)[0m
2022.04.05 22:39:04 INFO  time: compiled rock-the-jvm-beginners in 0.18s[0m
2022.04.05 22:39:04 INFO  No mtags for 2.12.6.[0m
2022.04.05 22:39:04 WARN  unsupported Scala 2.12.6[0m
2022.04.05 22:39:17 INFO  compiling rock-the-jvm-beginners (1 scala source)[0m
2022.04.05 22:39:17 INFO  time: compiled rock-the-jvm-beginners in 0.2s[0m
2022.04.05 22:39:17 INFO  No mtags for 2.12.6.[0m
2022.04.05 22:39:17 WARN  unsupported Scala 2.12.6[0m
2022.04.05 22:39:17 INFO  No mtags for 2.12.6.[0m
2022.04.05 22:39:17 WARN  unsupported Scala 2.12.6[0m
2022.04.05 22:39:17 INFO  No mtags for 2.12.6.[0m
2022.04.05 22:39:17 WARN  unsupported Scala 2.12.6[0m
2022.04.05 22:39:19 INFO  No mtags for 2.12.6.[0m
2022.04.05 22:39:19 WARN  unsupported Scala 2.12.6[0m
2022.04.05 22:39:19 INFO  No mtags for 2.12.6.[0m
2022.04.05 22:39:19 WARN  unsupported Scala 2.12.6[0m
2022.04.05 22:39:19 INFO  No mtags for 2.12.6.[0m
2022.04.05 22:39:19 WARN  unsupported Scala 2.12.6[0m
2022.04.05 22:39:19 INFO  No mtags for 2.12.6.[0m
2022.04.05 22:39:19 WARN  unsupported Scala 2.12.6[0m
2022.04.05 22:39:21 INFO  No mtags for 2.12.6.[0m
2022.04.05 22:39:21 WARN  unsupported Scala 2.12.6[0m
2022.04.05 22:39:21 INFO  No mtags for 2.12.6.[0m
2022.04.05 22:39:21 WARN  unsupported Scala 2.12.6[0m
2022.04.05 22:39:21 INFO  No mtags for 2.12.6.[0m
2022.04.05 22:39:21 WARN  unsupported Scala 2.12.6[0m
2022.04.05 22:39:22 INFO  No mtags for 2.12.6.[0m
2022.04.05 22:39:22 WARN  unsupported Scala 2.12.6[0m
2022.04.05 22:39:22 INFO  No mtags for 2.12.6.[0m
2022.04.05 22:39:22 WARN  unsupported Scala 2.12.6[0m
2022.04.05 22:39:22 INFO  No mtags for 2.12.6.[0m
2022.04.05 22:39:22 WARN  unsupported Scala 2.12.6[0m
2022.04.05 22:39:24 INFO  No mtags for 2.12.6.[0m
2022.04.05 22:39:24 WARN  unsupported Scala 2.12.6[0m
2022.04.05 22:39:24 INFO  No mtags for 2.12.6.[0m
2022.04.05 22:39:24 WARN  unsupported Scala 2.12.6[0m
2022.04.05 22:39:24 INFO  No mtags for 2.12.6.[0m
2022.04.05 22:39:24 WARN  unsupported Scala 2.12.6[0m
2022.04.05 22:39:26 INFO  compiling rock-the-jvm-beginners (1 scala source)[0m
2022.04.05 22:39:26 INFO  time: compiled rock-the-jvm-beginners in 0.15s[0m
2022.04.05 22:39:26 INFO  No mtags for 2.12.6.[0m
2022.04.05 22:39:26 WARN  unsupported Scala 2.12.6[0m
2022.04.05 22:39:26 INFO  No mtags for 2.12.6.[0m
2022.04.05 22:39:26 WARN  unsupported Scala 2.12.6[0m
2022.04.05 22:39:26 INFO  No mtags for 2.12.6.[0m
2022.04.05 22:39:26 WARN  unsupported Scala 2.12.6[0m
2022.04.05 22:39:28 INFO  No mtags for 2.12.6.[0m
2022.04.05 22:39:28 WARN  unsupported Scala 2.12.6[0m
2022.04.05 22:39:28 INFO  No mtags for 2.12.6.[0m
2022.04.05 22:39:28 WARN  unsupported Scala 2.12.6[0m
2022.04.05 22:39:28 INFO  No mtags for 2.12.6.[0m
2022.04.05 22:39:28 WARN  unsupported Scala 2.12.6[0m
2022.04.05 22:39:28 INFO  No mtags for 2.12.6.[0m
2022.04.05 22:39:28 WARN  unsupported Scala 2.12.6[0m
2022.04.05 22:39:28 INFO  No mtags for 2.12.6.[0m
2022.04.05 22:39:28 WARN  unsupported Scala 2.12.6[0m
2022.04.05 22:39:29 INFO  No mtags for 2.12.6.[0m
2022.04.05 22:39:29 WARN  unsupported Scala 2.12.6[0m
2022.04.05 22:39:31 INFO  compiling rock-the-jvm-beginners (1 scala source)[0m
2022.04.05 22:39:31 INFO  time: compiled rock-the-jvm-beginners in 81ms[0m
2022.04.05 22:39:31 INFO  compiling rock-the-jvm-beginners (1 scala source)[0m
2022.04.05 22:39:31 INFO  time: compiled rock-the-jvm-beginners in 55ms[0m
2022.04.05 22:39:33 INFO  compiling rock-the-jvm-beginners (1 scala source)[0m
2022.04.05 22:39:33 INFO  time: compiled rock-the-jvm-beginners in 95ms[0m
2022.04.05 22:39:37 ERROR Failed to fetch mtags for 2.12.6
Error downloading org.scalameta:mtags_2.12.6:0.11.2
  not found: /home/cristian/.ivy2/local/org.scalameta/mtags_2.12.6/0.11.2/ivys/ivy.xml
  not found: https://repo1.maven.org/maven2/org/scalameta/mtags_2.12.6/0.11.2/mtags_2.12.6-0.11.2.pom
  not found: https://oss.sonatype.org/content/repositories/public/org/scalameta/mtags_2.12.6/0.11.2/mtags_2.12.6-0.11.2.pom
  not found: https://oss.sonatype.org/content/repositories/snapshots/org/scalameta/mtags_2.12.6/0.11.2/mtags_2.12.6-0.11.2.pom[0m
2022.04.05 22:39:37 WARN  unsupported Scala 2.12.6[0m
2022.04.05 22:39:37 INFO  No mtags for 2.12.6.[0m
2022.04.05 22:39:37 WARN  unsupported Scala 2.12.6[0m
2022.04.05 22:39:37 INFO  No mtags for 2.12.6.[0m
2022.04.05 22:39:37 WARN  unsupported Scala 2.12.6[0m
2022.04.05 22:39:37 INFO  No mtags for 2.12.6.[0m
2022.04.05 22:39:37 WARN  unsupported Scala 2.12.6[0m
2022.04.05 22:39:37 INFO  No mtags for 2.12.6.[0m
2022.04.05 22:39:37 WARN  unsupported Scala 2.12.6[0m
2022.04.05 22:39:37 INFO  No mtags for 2.12.6.[0m
2022.04.05 22:39:37 WARN  unsupported Scala 2.12.6[0m
2022.04.05 22:39:38 INFO  compiling rock-the-jvm-beginners (1 scala source)[0m
2022.04.05 22:39:38 INFO  time: compiled rock-the-jvm-beginners in 0.23s[0m
2022.04.05 22:39:40 INFO  compiling rock-the-jvm-beginners (1 scala source)[0m
2022.04.05 22:39:40 INFO  time: compiled rock-the-jvm-beginners in 0.17s[0m
2022.04.05 22:39:40 INFO  No mtags for 2.12.6.[0m
2022.04.05 22:39:40 WARN  unsupported Scala 2.12.6[0m
2022.04.05 22:39:40 INFO  No mtags for 2.12.6.[0m
2022.04.05 22:39:40 WARN  unsupported Scala 2.12.6[0m
2022.04.05 22:39:40 INFO  No mtags for 2.12.6.[0m
2022.04.05 22:39:40 WARN  unsupported Scala 2.12.6[0m
2022.04.05 22:39:43 INFO  No mtags for 2.12.6.[0m
2022.04.05 22:39:43 WARN  unsupported Scala 2.12.6[0m
2022.04.05 22:39:43 INFO  No mtags for 2.12.6.[0m
2022.04.05 22:39:43 WARN  unsupported Scala 2.12.6[0m
2022.04.05 22:39:43 INFO  No mtags for 2.12.6.[0m
2022.04.05 22:39:43 WARN  unsupported Scala 2.12.6[0m
2022.04.05 22:39:45 INFO  No mtags for 2.12.6.[0m
2022.04.05 22:39:45 WARN  unsupported Scala 2.12.6[0m
2022.04.05 22:39:45 INFO  compiling rock-the-jvm-beginners (1 scala source)[0m
2022.04.05 22:39:45 INFO  time: compiled rock-the-jvm-beginners in 0.21s[0m
2022.04.05 22:39:50 INFO  No mtags for 2.12.6.[0m
2022.04.05 22:39:50 WARN  unsupported Scala 2.12.6[0m
2022.04.05 22:39:50 INFO  No mtags for 2.12.6.[0m
2022.04.05 22:39:50 WARN  unsupported Scala 2.12.6[0m
2022.04.05 22:39:50 INFO  No mtags for 2.12.6.[0m
2022.04.05 22:39:50 WARN  unsupported Scala 2.12.6[0m
2022.04.05 22:39:52 INFO  No mtags for 2.12.6.[0m
2022.04.05 22:39:52 WARN  unsupported Scala 2.12.6[0m
2022.04.05 22:39:52 INFO  No mtags for 2.12.6.[0m
2022.04.05 22:39:52 WARN  unsupported Scala 2.12.6[0m
2022.04.05 22:39:53 INFO  compiling rock-the-jvm-beginners (1 scala source)[0m
2022.04.05 22:39:53 INFO  time: compiled rock-the-jvm-beginners in 39ms[0m
2022.04.05 22:39:54 INFO  No mtags for 2.12.6.[0m
2022.04.05 22:39:54 WARN  unsupported Scala 2.12.6[0m
2022.04.05 22:39:54 INFO  No mtags for 2.12.6.[0m
2022.04.05 22:39:54 WARN  unsupported Scala 2.12.6[0m
2022.04.05 22:39:54 INFO  No mtags for 2.12.6.[0m
2022.04.05 22:39:54 WARN  unsupported Scala 2.12.6[0m
2022.04.05 22:39:54 INFO  No mtags for 2.12.6.[0m
2022.04.05 22:39:54 WARN  unsupported Scala 2.12.6[0m
2022.04.05 22:39:54 INFO  No mtags for 2.12.6.[0m
2022.04.05 22:39:54 WARN  unsupported Scala 2.12.6[0m
2022.04.05 22:39:56 INFO  compiling rock-the-jvm-beginners (1 scala source)[0m
2022.04.05 22:39:56 INFO  time: compiled rock-the-jvm-beginners in 44ms[0m
2022.04.05 22:39:59 INFO  compiling rock-the-jvm-beginners (1 scala source)[0m
2022.04.05 22:39:59 INFO  time: compiled rock-the-jvm-beginners in 0.2s[0m
2022.04.05 22:40:01 INFO  compiling rock-the-jvm-beginners (1 scala source)[0m
2022.04.05 22:40:01 INFO  time: compiled rock-the-jvm-beginners in 0.18s[0m
2022.04.05 22:40:03 INFO  compiling rock-the-jvm-beginners (1 scala source)[0m
2022.04.05 22:40:03 INFO  time: compiled rock-the-jvm-beginners in 0.22s[0m
2022.04.05 22:40:20 INFO  No mtags for 2.12.6.[0m
2022.04.05 22:40:20 WARN  unsupported Scala 2.12.6[0m
2022.04.05 22:40:20 INFO  No mtags for 2.12.6.[0m
2022.04.05 22:40:20 WARN  unsupported Scala 2.12.6[0m
2022.04.05 22:40:20 INFO  No mtags for 2.12.6.[0m
2022.04.05 22:40:20 WARN  unsupported Scala 2.12.6[0m
2022.04.05 22:40:23 INFO  compiling rock-the-jvm-beginners (1 scala source)[0m
2022.04.05 22:40:23 INFO  time: compiled rock-the-jvm-beginners in 65ms[0m
2022.04.05 22:40:24 INFO  No mtags for 2.12.6.[0m
2022.04.05 22:40:24 WARN  unsupported Scala 2.12.6[0m
2022.04.05 22:40:24 INFO  No mtags for 2.12.6.[0m
2022.04.05 22:40:24 WARN  unsupported Scala 2.12.6[0m
2022.04.05 22:40:24 INFO  No mtags for 2.12.6.[0m
2022.04.05 22:40:24 WARN  unsupported Scala 2.12.6[0m
2022.04.05 22:40:24 INFO  No mtags for 2.12.6.[0m
2022.04.05 22:40:24 WARN  unsupported Scala 2.12.6[0m
2022.04.05 22:40:26 INFO  compiling rock-the-jvm-beginners (1 scala source)[0m
2022.04.05 22:40:26 INFO  time: compiled rock-the-jvm-beginners in 31ms[0m
2022.04.05 22:40:35 INFO  file:///home/cristian/info/estudio/scala/rock-the-jvm-beginners/src/main/scala/lectures/part1basics/ValuesVariablesTypes.scala:26:1: stale bloop error: illegal start of simple expression
}
^[0m
2022.04.05 22:40:35 INFO  No mtags for 2.12.6.[0m
2022.04.05 22:40:35 WARN  unsupported Scala 2.12.6[0m
2022.04.05 22:40:35 INFO  file:///home/cristian/info/estudio/scala/rock-the-jvm-beginners/src/main/scala/lectures/part1basics/ValuesVariablesTypes.scala:26:1: stale bloop error: illegal start of simple expression
}
^[0m
2022.04.05 22:40:35 INFO  file:///home/cristian/info/estudio/scala/rock-the-jvm-beginners/src/main/scala/lectures/part1basics/ValuesVariablesTypes.scala:26:1: stale bloop error: illegal start of simple expression
}
^[0m
2022.04.05 22:40:35 INFO  No mtags for 2.12.6.[0m
2022.04.05 22:40:35 WARN  unsupported Scala 2.12.6[0m
2022.04.05 22:40:35 INFO  file:///home/cristian/info/estudio/scala/rock-the-jvm-beginners/src/main/scala/lectures/part1basics/ValuesVariablesTypes.scala:26:1: stale bloop error: illegal start of simple expression
}
^[0m
2022.04.05 22:40:35 INFO  file:///home/cristian/info/estudio/scala/rock-the-jvm-beginners/src/main/scala/lectures/part1basics/ValuesVariablesTypes.scala:26:1: stale bloop error: illegal start of simple expression
}
^[0m
2022.04.05 22:40:35 INFO  No mtags for 2.12.6.[0m
2022.04.05 22:40:35 WARN  unsupported Scala 2.12.6[0m
2022.04.05 22:40:35 INFO  file:///home/cristian/info/estudio/scala/rock-the-jvm-beginners/src/main/scala/lectures/part1basics/ValuesVariablesTypes.scala:26:1: stale bloop error: illegal start of simple expression
}
^[0m
2022.04.05 22:40:35 INFO  file:///home/cristian/info/estudio/scala/rock-the-jvm-beginners/src/main/scala/lectures/part1basics/ValuesVariablesTypes.scala:26:1: stale bloop error: illegal start of simple expression
}
^[0m
2022.04.05 22:40:35 INFO  No mtags for 2.12.6.[0m
2022.04.05 22:40:35 WARN  unsupported Scala 2.12.6[0m
2022.04.05 22:40:35 INFO  file:///home/cristian/info/estudio/scala/rock-the-jvm-beginners/src/main/scala/lectures/part1basics/ValuesVariablesTypes.scala:26:1: stale bloop error: illegal start of simple expression
}
^[0m
2022.04.05 22:40:35 INFO  file:///home/cristian/info/estudio/scala/rock-the-jvm-beginners/src/main/scala/lectures/part1basics/ValuesVariablesTypes.scala:26:1: stale bloop error: illegal start of simple expression
}
^[0m
2022.04.05 22:40:35 INFO  No mtags for 2.12.6.[0m
2022.04.05 22:40:35 WARN  unsupported Scala 2.12.6[0m
2022.04.05 22:40:35 INFO  file:///home/cristian/info/estudio/scala/rock-the-jvm-beginners/src/main/scala/lectures/part1basics/ValuesVariablesTypes.scala:26:1: stale bloop error: illegal start of simple expression
}
^[0m
2022.04.05 22:40:35 INFO  file:///home/cristian/info/estudio/scala/rock-the-jvm-beginners/src/main/scala/lectures/part1basics/ValuesVariablesTypes.scala:26:1: stale bloop error: illegal start of simple expression
}
^[0m
2022.04.05 22:40:35 INFO  file:///home/cristian/info/estudio/scala/rock-the-jvm-beginners/src/main/scala/lectures/part1basics/ValuesVariablesTypes.scala:26:1: stale bloop error: illegal start of simple expression
}
^[0m
2022.04.05 22:40:36 INFO  file:///home/cristian/info/estudio/scala/rock-the-jvm-beginners/src/main/scala/lectures/part1basics/ValuesVariablesTypes.scala:26:1: stale bloop error: illegal start of simple expression
}
^[0m
2022.04.05 22:40:36 INFO  compiling rock-the-jvm-beginners (1 scala source)[0m
2022.04.05 22:40:36 INFO  file:///home/cristian/info/estudio/scala/rock-the-jvm-beginners/src/main/scala/lectures/part1basics/ValuesVariablesTypes.scala:20:22: stale bloop error: Invalid literal number
    val aLong:Long = 1233454q123324
                     ^[0m
2022.04.05 22:40:36 INFO  time: compiled rock-the-jvm-beginners in 0.11s[0m
2022.04.05 22:40:38 INFO  file:///home/cristian/info/estudio/scala/rock-the-jvm-beginners/src/main/scala/lectures/part1basics/ValuesVariablesTypes.scala:20:22: stale bloop error: Invalid literal number
    val aLong:Long = 1233454q123324
                     ^[0m
2022.04.05 22:40:38 INFO  file:///home/cristian/info/estudio/scala/rock-the-jvm-beginners/src/main/scala/lectures/part1basics/ValuesVariablesTypes.scala:20:22: stale bloop error: Invalid literal number
    val aLong:Long = 1233454q123324
                     ^[0m
2022.04.05 22:40:38 INFO  file:///home/cristian/info/estudio/scala/rock-the-jvm-beginners/src/main/scala/lectures/part1basics/ValuesVariablesTypes.scala:20:22: stale bloop error: Invalid literal number
    val aLong:Long = 1233454q123324
                     ^[0m
2022.04.05 22:40:39 INFO  compiling rock-the-jvm-beginners (1 scala source)[0m
2022.04.05 22:40:39 INFO  time: compiled rock-the-jvm-beginners in 59ms[0m
2022.04.05 22:40:41 INFO  compiling rock-the-jvm-beginners (1 scala source)[0m
2022.04.05 22:40:41 INFO  time: compiled rock-the-jvm-beginners in 60ms[0m
2022.04.05 22:40:44 INFO  No mtags for 2.12.6.[0m
2022.04.05 22:40:44 WARN  unsupported Scala 2.12.6[0m
2022.04.05 22:40:46 INFO  No mtags for 2.12.6.[0m
2022.04.05 22:40:46 WARN  unsupported Scala 2.12.6[0m
2022.04.05 22:40:49 INFO  compiling rock-the-jvm-beginners (1 scala source)[0m
2022.04.05 22:40:49 INFO  time: compiled rock-the-jvm-beginners in 0.2s[0m
2022.04.05 22:40:54 INFO  No mtags for 2.12.6.[0m
2022.04.05 22:40:54 WARN  unsupported Scala 2.12.6[0m
2022.04.05 22:40:54 INFO  compiling rock-the-jvm-beginners (1 scala source)[0m
2022.04.05 22:40:54 INFO  time: compiled rock-the-jvm-beginners in 0.17s[0m
2022.04.05 22:40:59 INFO  No mtags for 2.12.6.[0m
2022.04.05 22:40:59 WARN  unsupported Scala 2.12.6[0m
2022.04.05 22:40:59 INFO  No mtags for 2.12.6.[0m
2022.04.05 22:40:59 WARN  unsupported Scala 2.12.6[0m
2022.04.05 22:40:59 INFO  No mtags for 2.12.6.[0m
2022.04.05 22:40:59 WARN  unsupported Scala 2.12.6[0m
2022.04.05 22:41:01 INFO  No mtags for 2.12.6.[0m
2022.04.05 22:41:01 WARN  unsupported Scala 2.12.6[0m
2022.04.05 22:41:02 INFO  No mtags for 2.12.6.[0m
2022.04.05 22:41:02 WARN  unsupported Scala 2.12.6[0m
2022.04.05 22:41:02 INFO  No mtags for 2.12.6.[0m
2022.04.05 22:41:02 WARN  unsupported Scala 2.12.6[0m
2022.04.05 22:41:02 INFO  No mtags for 2.12.6.[0m
2022.04.05 22:41:02 WARN  unsupported Scala 2.12.6[0m
2022.04.05 22:41:02 INFO  No mtags for 2.12.6.[0m
2022.04.05 22:41:02 WARN  unsupported Scala 2.12.6[0m
2022.04.05 22:41:04 INFO  compiling rock-the-jvm-beginners (1 scala source)[0m
2022.04.05 22:41:04 INFO  time: compiled rock-the-jvm-beginners in 61ms[0m
2022.04.05 22:41:04 INFO  No mtags for 2.12.6.[0m
2022.04.05 22:41:04 WARN  unsupported Scala 2.12.6[0m
2022.04.05 22:41:04 INFO  No mtags for 2.12.6.[0m
2022.04.05 22:41:04 WARN  unsupported Scala 2.12.6[0m
2022.04.05 22:41:04 INFO  No mtags for 2.12.6.[0m
2022.04.05 22:41:04 WARN  unsupported Scala 2.12.6[0m
2022.04.05 22:41:04 INFO  No mtags for 2.12.6.[0m
2022.04.05 22:41:04 WARN  unsupported Scala 2.12.6[0m
2022.04.05 22:41:06 INFO  No mtags for 2.12.6.[0m
2022.04.05 22:41:06 WARN  unsupported Scala 2.12.6[0m
2022.04.05 22:41:07 INFO  compiling rock-the-jvm-beginners (1 scala source)[0m
2022.04.05 22:41:07 INFO  time: compiled rock-the-jvm-beginners in 73ms[0m
2022.04.05 22:41:09 INFO  compiling rock-the-jvm-beginners (1 scala source)[0m
2022.04.05 22:41:09 INFO  time: compiled rock-the-jvm-beginners in 0.1s[0m
2022.04.05 22:41:10 INFO  No mtags for 2.12.6.[0m
2022.04.05 22:41:10 WARN  unsupported Scala 2.12.6[0m
2022.04.05 22:41:10 INFO  compiling rock-the-jvm-beginners (1 scala source)[0m
2022.04.05 22:41:10 INFO  time: compiled rock-the-jvm-beginners in 0.19s[0m
2022.04.05 22:41:13 INFO  compiling rock-the-jvm-beginners (1 scala source)[0m
2022.04.05 22:41:13 INFO  time: compiled rock-the-jvm-beginners in 0.18s[0m
2022.04.05 22:41:16 INFO  compiling rock-the-jvm-beginners (1 scala source)[0m
2022.04.05 22:41:16 INFO  time: compiled rock-the-jvm-beginners in 0.11s[0m
2022.04.05 22:41:17 INFO  No mtags for 2.12.6.[0m
2022.04.05 22:41:17 WARN  unsupported Scala 2.12.6[0m
2022.04.05 22:41:17 INFO  compiling rock-the-jvm-beginners (1 scala source)[0m
2022.04.05 22:41:17 INFO  time: compiled rock-the-jvm-beginners in 0.22s[0m
2022.04.05 22:41:19 INFO  compiling rock-the-jvm-beginners (1 scala source)[0m
2022.04.05 22:41:19 INFO  time: compiled rock-the-jvm-beginners in 0.17s[0m
2022.04.05 22:41:20 INFO  No mtags for 2.12.6.[0m
2022.04.05 22:41:20 WARN  unsupported Scala 2.12.6[0m
2022.04.05 22:41:20 INFO  No mtags for 2.12.6.[0m
2022.04.05 22:41:20 WARN  unsupported Scala 2.12.6[0m
2022.04.05 22:41:20 INFO  No mtags for 2.12.6.[0m
2022.04.05 22:41:20 WARN  unsupported Scala 2.12.6[0m
2022.04.05 22:41:20 INFO  No mtags for 2.12.6.[0m
2022.04.05 22:41:20 WARN  unsupported Scala 2.12.6[0m
2022.04.05 22:41:21 INFO  No mtags for 2.12.6.[0m
2022.04.05 22:41:21 WARN  unsupported Scala 2.12.6[0m
2022.04.05 22:41:21 INFO  No mtags for 2.12.6.[0m
2022.04.05 22:41:21 WARN  unsupported Scala 2.12.6[0m
2022.04.05 22:41:21 INFO  No mtags for 2.12.6.[0m
2022.04.05 22:41:21 WARN  unsupported Scala 2.12.6[0m
2022.04.05 22:41:21 INFO  No mtags for 2.12.6.[0m
2022.04.05 22:41:21 WARN  unsupported Scala 2.12.6[0m
2022.04.05 22:41:24 INFO  compiling rock-the-jvm-beginners (1 scala source)[0m
2022.04.05 22:41:24 INFO  time: compiled rock-the-jvm-beginners in 66ms[0m
2022.04.05 22:41:25 INFO  No mtags for 2.12.6.[0m
2022.04.05 22:41:25 WARN  unsupported Scala 2.12.6[0m
2022.04.05 22:41:25 INFO  No mtags for 2.12.6.[0m
2022.04.05 22:41:25 WARN  unsupported Scala 2.12.6[0m
2022.04.05 22:41:25 INFO  No mtags for 2.12.6.[0m
2022.04.05 22:41:25 WARN  unsupported Scala 2.12.6[0m
2022.04.05 22:41:25 INFO  No mtags for 2.12.6.[0m
2022.04.05 22:41:25 WARN  unsupported Scala 2.12.6[0m
2022.04.05 22:41:25 INFO  No mtags for 2.12.6.[0m
2022.04.05 22:41:25 WARN  unsupported Scala 2.12.6[0m
2022.04.05 22:41:25 INFO  No mtags for 2.12.6.[0m
2022.04.05 22:41:25 WARN  unsupported Scala 2.12.6[0m
2022.04.05 22:41:27 INFO  compiling rock-the-jvm-beginners (1 scala source)[0m
2022.04.05 22:41:27 INFO  time: compiled rock-the-jvm-beginners in 68ms[0m
2022.04.05 22:41:27 INFO  No mtags for 2.12.6.[0m
2022.04.05 22:41:27 WARN  unsupported Scala 2.12.6[0m
2022.04.05 22:41:28 INFO  compiling rock-the-jvm-beginners (1 scala source)[0m
2022.04.05 22:41:28 INFO  time: compiled rock-the-jvm-beginners in 0.17s[0m
2022.04.05 22:41:34 INFO  No mtags for 2.12.6.[0m
2022.04.05 22:41:34 WARN  unsupported Scala 2.12.6[0m
2022.04.05 22:41:42 INFO  compiling rock-the-jvm-beginners (1 scala source)[0m
2022.04.05 22:41:42 INFO  time: compiled rock-the-jvm-beginners in 0.2s[0m
2022.04.05 22:41:51 INFO  compiling rock-the-jvm-beginners (1 scala source)[0m
2022.04.05 22:41:51 INFO  time: compiled rock-the-jvm-beginners in 0.15s[0m
2022.04.05 22:41:53 INFO  compiling rock-the-jvm-beginners (1 scala source)[0m
2022.04.05 22:41:53 INFO  No mtags for 2.12.6.[0m
2022.04.05 22:41:53 WARN  unsupported Scala 2.12.6[0m
2022.04.05 22:41:53 INFO  No mtags for 2.12.6.[0m
2022.04.05 22:41:53 WARN  unsupported Scala 2.12.6[0m
2022.04.05 22:41:53 INFO  time: compiled rock-the-jvm-beginners in 0.21s[0m
2022.04.05 22:41:53 INFO  No mtags for 2.12.6.[0m
2022.04.05 22:41:53 WARN  unsupported Scala 2.12.6[0m
2022.04.05 22:41:54 INFO  compiling rock-the-jvm-beginners (1 scala source)[0m
2022.04.05 22:41:54 INFO  time: compiled rock-the-jvm-beginners in 65ms[0m
2022.04.05 22:41:56 INFO  No mtags for 2.12.6.[0m
2022.04.05 22:41:56 WARN  unsupported Scala 2.12.6[0m
2022.04.05 22:41:56 INFO  No mtags for 2.12.6.[0m
2022.04.05 22:41:56 WARN  unsupported Scala 2.12.6[0m
2022.04.05 22:41:56 INFO  No mtags for 2.12.6.[0m
2022.04.05 22:41:56 WARN  unsupported Scala 2.12.6[0m
2022.04.05 22:41:56 INFO  No mtags for 2.12.6.[0m
2022.04.05 22:41:56 WARN  unsupported Scala 2.12.6[0m
2022.04.05 22:41:57 INFO  No mtags for 2.12.6.[0m
2022.04.05 22:41:57 WARN  unsupported Scala 2.12.6[0m
2022.04.05 22:41:57 INFO  No mtags for 2.12.6.[0m
2022.04.05 22:41:57 WARN  unsupported Scala 2.12.6[0m
2022.04.05 22:41:57 INFO  No mtags for 2.12.6.[0m
2022.04.05 22:41:57 WARN  unsupported Scala 2.12.6[0m
2022.04.05 22:41:59 INFO  compiling rock-the-jvm-beginners (1 scala source)[0m
2022.04.05 22:41:59 INFO  time: compiled rock-the-jvm-beginners in 60ms[0m
2022.04.05 22:42:00 INFO  compiling rock-the-jvm-beginners (1 scala source)[0m
2022.04.05 22:42:00 INFO  time: compiled rock-the-jvm-beginners in 72ms[0m
2022.04.05 22:42:02 INFO  No mtags for 2.12.6.[0m
2022.04.05 22:42:02 WARN  unsupported Scala 2.12.6[0m
2022.04.05 22:42:02 INFO  No mtags for 2.12.6.[0m
2022.04.05 22:42:02 WARN  unsupported Scala 2.12.6[0m
2022.04.05 22:42:02 INFO  No mtags for 2.12.6.[0m
2022.04.05 22:42:02 WARN  unsupported Scala 2.12.6[0m
2022.04.05 22:42:04 INFO  compiling rock-the-jvm-beginners (1 scala source)[0m
2022.04.05 22:42:04 INFO  time: compiled rock-the-jvm-beginners in 0.15s[0m
2022.04.05 22:42:07 INFO  compiling rock-the-jvm-beginners (1 scala source)[0m
2022.04.05 22:42:07 INFO  time: compiled rock-the-jvm-beginners in 64ms[0m
2022.04.05 22:42:07 INFO  compiling rock-the-jvm-beginners (1 scala source)[0m
2022.04.05 22:42:08 INFO  time: compiled rock-the-jvm-beginners in 0.2s[0m
2022.04.05 22:42:13 INFO  compiling rock-the-jvm-beginners (1 scala source)[0m
2022.04.05 22:42:13 INFO  time: compiled rock-the-jvm-beginners in 0.17s[0m
2022.04.05 22:42:14 INFO  No mtags for 2.12.6.[0m
2022.04.05 22:42:14 WARN  unsupported Scala 2.12.6[0m
2022.04.05 22:42:14 INFO  No mtags for 2.12.6.[0m
2022.04.05 22:42:14 WARN  unsupported Scala 2.12.6[0m
2022.04.05 22:42:14 INFO  No mtags for 2.12.6.[0m
2022.04.05 22:42:14 WARN  unsupported Scala 2.12.6[0m
2022.04.05 22:42:14 INFO  No mtags for 2.12.6.[0m
2022.04.05 22:42:14 WARN  unsupported Scala 2.12.6[0m
2022.04.05 22:42:14 INFO  No mtags for 2.12.6.[0m
2022.04.05 22:42:14 WARN  unsupported Scala 2.12.6[0m
Apr 05, 2022 10:42:16 PM org.eclipse.lsp4j.jsonrpc.RemoteEndpoint handleCancellation
WARNING: Unmatched cancel notification for request id 2662
2022.04.05 22:42:16 INFO  No mtags for 2.12.6.[0m
2022.04.05 22:42:16 WARN  unsupported Scala 2.12.6[0m
Apr 05, 2022 10:42:18 PM org.eclipse.lsp4j.jsonrpc.RemoteEndpoint handleCancellation
WARNING: Unmatched cancel notification for request id 2676
2022.04.05 22:42:18 INFO  compiling rock-the-jvm-beginners (1 scala source)[0m
2022.04.05 22:42:18 INFO  time: compiled rock-the-jvm-beginners in 0.18s[0m
2022.04.05 22:42:20 INFO  compiling rock-the-jvm-beginners (1 scala source)[0m
2022.04.05 22:42:20 INFO  time: compiled rock-the-jvm-beginners in 0.17s[0m
2022.04.05 22:42:28 INFO  compiling rock-the-jvm-beginners (1 scala source)[0m
2022.04.05 22:42:28 INFO  time: compiled rock-the-jvm-beginners in 0.19s[0m
2022.04.05 22:42:28 INFO  compiling rock-the-jvm-beginners (1 scala source)[0m
2022.04.05 22:42:29 INFO  time: compiled rock-the-jvm-beginners in 0.18s[0m
